{"/home/dzno23/Documents/ProjetosDev/meu-treino/backend/src/controllers/customer.controller.ts":{"path":"/home/dzno23/Documents/ProjetosDev/meu-treino/backend/src/controllers/customer.controller.ts","statementMap":{"0":{"start":{"line":2,"column":17},"end":{"line":7,"column":1}},"1":{"start":{"line":3,"column":12},"end":{"line":3,"column":28}},"2":{"start":{"line":3,"column":34},"end":{"line":3,"column":125}},"3":{"start":{"line":4,"column":4},"end":{"line":5,"column":150}},"4":{"start":{"line":4,"column":79},"end":{"line":4,"column":131}},"5":{"start":{"line":5,"column":9},"end":{"line":5,"column":150}},"6":{"start":{"line":5,"column":22},"end":{"line":5,"column":43}},"7":{"start":{"line":5,"column":58},"end":{"line":5,"column":150}},"8":{"start":{"line":5,"column":81},"end":{"line":5,"column":150}},"9":{"start":{"line":6,"column":4},"end":{"line":6,"column":66}},"10":{"start":{"line":8,"column":17},"end":{"line":10,"column":1}},"11":{"start":{"line":9,"column":4},"end":{"line":9,"column":109}},"12":{"start":{"line":9,"column":79},"end":{"line":9,"column":109}},"13":{"start":{"line":11,"column":14},"end":{"line":13,"column":1}},"14":{"start":{"line":12,"column":4},"end":{"line":12,"column":73}},"15":{"start":{"line":12,"column":36},"end":{"line":12,"column":71}},"16":{"start":{"line":14,"column":0},"end":{"line":14,"column":62}},"17":{"start":{"line":15,"column":0},"end":{"line":15,"column":28}},"18":{"start":{"line":16,"column":19},"end":{"line":16,"column":38}},"19":{"start":{"line":17,"column":27},"end":{"line":17,"column":66}},"20":{"start":{"line":18,"column":25},"end":{"line":98,"column":1}},"21":{"start":{"line":20,"column":8},"end":{"line":20,"column":47}},"22":{"start":{"line":21,"column":8},"end":{"line":29,"column":10}},"23":{"start":{"line":22,"column":12},"end":{"line":28,"column":13}},"24":{"start":{"line":23,"column":42},"end":{"line":23,"column":110}},"25":{"start":{"line":24,"column":16},"end":{"line":24,"column":54}},"26":{"start":{"line":27,"column":16},"end":{"line":27,"column":57}},"27":{"start":{"line":30,"column":8},"end":{"line":38,"column":10}},"28":{"start":{"line":31,"column":12},"end":{"line":37,"column":13}},"29":{"start":{"line":32,"column":42},"end":{"line":32,"column":105}},"30":{"start":{"line":33,"column":16},"end":{"line":33,"column":54}},"31":{"start":{"line":36,"column":16},"end":{"line":36,"column":57}},"32":{"start":{"line":39,"column":8},"end":{"line":47,"column":10}},"33":{"start":{"line":40,"column":12},"end":{"line":46,"column":13}},"34":{"start":{"line":41,"column":42},"end":{"line":41,"column":98}},"35":{"start":{"line":42,"column":16},"end":{"line":42,"column":54}},"36":{"start":{"line":45,"column":16},"end":{"line":45,"column":57}},"37":{"start":{"line":48,"column":8},"end":{"line":56,"column":10}},"38":{"start":{"line":49,"column":12},"end":{"line":55,"column":13}},"39":{"start":{"line":50,"column":42},"end":{"line":50,"column":115}},"40":{"start":{"line":51,"column":16},"end":{"line":51,"column":54}},"41":{"start":{"line":54,"column":16},"end":{"line":54,"column":57}},"42":{"start":{"line":59,"column":8},"end":{"line":65,"column":9}},"43":{"start":{"line":60,"column":38},"end":{"line":60,"column":73}},"44":{"start":{"line":61,"column":12},"end":{"line":61,"column":50}},"45":{"start":{"line":64,"column":12},"end":{"line":64,"column":53}},"46":{"start":{"line":69,"column":8},"end":{"line":75,"column":9}},"47":{"start":{"line":70,"column":38},"end":{"line":70,"column":95}},"48":{"start":{"line":71,"column":12},"end":{"line":71,"column":50}},"49":{"start":{"line":74,"column":12},"end":{"line":74,"column":53}},"50":{"start":{"line":79,"column":8},"end":{"line":85,"column":9}},"51":{"start":{"line":80,"column":38},"end":{"line":80,"column":87}},"52":{"start":{"line":81,"column":12},"end":{"line":81,"column":50}},"53":{"start":{"line":84,"column":12},"end":{"line":84,"column":53}},"54":{"start":{"line":89,"column":8},"end":{"line":95,"column":9}},"55":{"start":{"line":90,"column":38},"end":{"line":90,"column":91}},"56":{"start":{"line":91,"column":12},"end":{"line":91,"column":50}},"57":{"start":{"line":94,"column":12},"end":{"line":94,"column":53}},"58":{"start":{"line":99,"column":0},"end":{"line":103,"column":23}},"59":{"start":{"line":104,"column":0},"end":{"line":104,"column":37}}},"fnMap":{"0":{"name":"(anonymous_0)","decl":{"start":{"line":2,"column":46},"end":{"line":2,"column":47}},"loc":{"start":{"line":2,"column":87},"end":{"line":7,"column":1}},"line":2},"1":{"name":"(anonymous_1)","decl":{"start":{"line":8,"column":46},"end":{"line":8,"column":47}},"loc":{"start":{"line":8,"column":62},"end":{"line":10,"column":1}},"line":8},"2":{"name":"(anonymous_2)","decl":{"start":{"line":11,"column":40},"end":{"line":11,"column":41}},"loc":{"start":{"line":11,"column":73},"end":{"line":13,"column":1}},"line":11},"3":{"name":"(anonymous_3)","decl":{"start":{"line":12,"column":11},"end":{"line":12,"column":12}},"loc":{"start":{"line":12,"column":34},"end":{"line":12,"column":73}},"line":12},"4":{"name":"(anonymous_4)","decl":{"start":{"line":19,"column":4},"end":{"line":19,"column":5}},"loc":{"start":{"line":19,"column":33},"end":{"line":57,"column":5}},"line":19},"5":{"name":"(anonymous_5)","decl":{"start":{"line":21,"column":20},"end":{"line":21,"column":21}},"loc":{"start":{"line":21,"column":40},"end":{"line":29,"column":9}},"line":21},"6":{"name":"(anonymous_6)","decl":{"start":{"line":30,"column":19},"end":{"line":30,"column":20}},"loc":{"start":{"line":30,"column":39},"end":{"line":38,"column":9}},"line":30},"7":{"name":"(anonymous_7)","decl":{"start":{"line":39,"column":22},"end":{"line":39,"column":23}},"loc":{"start":{"line":39,"column":42},"end":{"line":47,"column":9}},"line":39},"8":{"name":"(anonymous_8)","decl":{"start":{"line":48,"column":21},"end":{"line":48,"column":22}},"loc":{"start":{"line":48,"column":41},"end":{"line":56,"column":9}},"line":48},"9":{"name":"(anonymous_9)","decl":{"start":{"line":58,"column":4},"end":{"line":58,"column":5}},"loc":{"start":{"line":58,"column":27},"end":{"line":66,"column":5}},"line":58},"10":{"name":"(anonymous_10)","decl":{"start":{"line":68,"column":4},"end":{"line":68,"column":5}},"loc":{"start":{"line":68,"column":28},"end":{"line":76,"column":5}},"line":68},"11":{"name":"(anonymous_11)","decl":{"start":{"line":78,"column":4},"end":{"line":78,"column":5}},"loc":{"start":{"line":78,"column":29},"end":{"line":86,"column":5}},"line":78},"12":{"name":"(anonymous_12)","decl":{"start":{"line":88,"column":4},"end":{"line":88,"column":5}},"loc":{"start":{"line":88,"column":31},"end":{"line":96,"column":5}},"line":88}},"branchMap":{"0":{"loc":{"start":{"line":2,"column":17},"end":{"line":7,"column":1}},"type":"binary-expr","locations":[{"start":{"line":2,"column":18},"end":{"line":2,"column":22}},{"start":{"line":2,"column":26},"end":{"line":2,"column":41}},{"start":{"line":2,"column":46},"end":{"line":7,"column":1}}],"line":2},"1":{"loc":{"start":{"line":3,"column":34},"end":{"line":3,"column":125}},"type":"cond-expr","locations":[{"start":{"line":3,"column":42},"end":{"line":3,"column":48}},{"start":{"line":3,"column":51},"end":{"line":3,"column":125}}],"line":3},"2":{"loc":{"start":{"line":3,"column":51},"end":{"line":3,"column":125}},"type":"cond-expr","locations":[{"start":{"line":3,"column":67},"end":{"line":3,"column":118}},{"start":{"line":3,"column":121},"end":{"line":3,"column":125}}],"line":3},"3":{"loc":{"start":{"line":4,"column":4},"end":{"line":5,"column":150}},"type":"if","locations":[{"start":{"line":4,"column":4},"end":{"line":5,"column":150}},{"start":{"line":4,"column":4},"end":{"line":5,"column":150}}],"line":4},"4":{"loc":{"start":{"line":4,"column":8},"end":{"line":4,"column":77}},"type":"binary-expr","locations":[{"start":{"line":4,"column":8},"end":{"line":4,"column":35}},{"start":{"line":4,"column":39},"end":{"line":4,"column":77}}],"line":4},"5":{"loc":{"start":{"line":5,"column":58},"end":{"line":5,"column":150}},"type":"if","locations":[{"start":{"line":5,"column":58},"end":{"line":5,"column":150}},{"start":{"line":5,"column":58},"end":{"line":5,"column":150}}],"line":5},"6":{"loc":{"start":{"line":5,"column":85},"end":{"line":5,"column":149}},"type":"binary-expr","locations":[{"start":{"line":5,"column":86},"end":{"line":5,"column":143}},{"start":{"line":5,"column":148},"end":{"line":5,"column":149}}],"line":5},"7":{"loc":{"start":{"line":5,"column":86},"end":{"line":5,"column":143}},"type":"cond-expr","locations":[{"start":{"line":5,"column":94},"end":{"line":5,"column":98}},{"start":{"line":5,"column":101},"end":{"line":5,"column":143}}],"line":5},"8":{"loc":{"start":{"line":5,"column":101},"end":{"line":5,"column":143}},"type":"cond-expr","locations":[{"start":{"line":5,"column":109},"end":{"line":5,"column":126}},{"start":{"line":5,"column":129},"end":{"line":5,"column":143}}],"line":5},"9":{"loc":{"start":{"line":6,"column":11},"end":{"line":6,"column":62}},"type":"binary-expr","locations":[{"start":{"line":6,"column":11},"end":{"line":6,"column":16}},{"start":{"line":6,"column":20},"end":{"line":6,"column":21}},{"start":{"line":6,"column":25},"end":{"line":6,"column":62}}],"line":6},"10":{"loc":{"start":{"line":8,"column":17},"end":{"line":10,"column":1}},"type":"binary-expr","locations":[{"start":{"line":8,"column":18},"end":{"line":8,"column":22}},{"start":{"line":8,"column":26},"end":{"line":8,"column":41}},{"start":{"line":8,"column":46},"end":{"line":10,"column":1}}],"line":8},"11":{"loc":{"start":{"line":9,"column":4},"end":{"line":9,"column":109}},"type":"if","locations":[{"start":{"line":9,"column":4},"end":{"line":9,"column":109}},{"start":{"line":9,"column":4},"end":{"line":9,"column":109}}],"line":9},"12":{"loc":{"start":{"line":9,"column":8},"end":{"line":9,"column":77}},"type":"binary-expr","locations":[{"start":{"line":9,"column":8},"end":{"line":9,"column":35}},{"start":{"line":9,"column":39},"end":{"line":9,"column":77}}],"line":9},"13":{"loc":{"start":{"line":11,"column":14},"end":{"line":13,"column":1}},"type":"binary-expr","locations":[{"start":{"line":11,"column":15},"end":{"line":11,"column":19}},{"start":{"line":11,"column":23},"end":{"line":11,"column":35}},{"start":{"line":11,"column":40},"end":{"line":13,"column":1}}],"line":11}},"s":{"0":1,"1":1,"2":1,"3":1,"4":1,"5":0,"6":0,"7":0,"8":0,"9":1,"10":1,"11":1,"12":1,"13":1,"14":1,"15":1,"16":1,"17":1,"18":1,"19":1,"20":1,"21":19,"22":19,"23":4,"24":4,"25":2,"26":2,"27":19,"28":2,"29":2,"30":1,"31":1,"32":19,"33":3,"34":3,"35":2,"36":1,"37":19,"38":2,"39":2,"40":1,"41":1,"42":2,"43":2,"44":1,"45":1,"46":2,"47":2,"48":1,"49":1,"50":2,"51":2,"52":1,"53":1,"54":2,"55":2,"56":1,"57":1,"58":1,"59":1},"f":{"0":1,"1":1,"2":1,"3":1,"4":19,"5":4,"6":2,"7":3,"8":2,"9":2,"10":2,"11":2,"12":2},"b":{"0":[1,1,1],"1":[1,0],"2":[0,0],"3":[1,0],"4":[1,1],"5":[0,0],"6":[0,0],"7":[0,0],"8":[0,0],"9":[1,0,0],"10":[1,1,1],"11":[1,0],"12":[1,1],"13":[1,1,1]},"inputSourceMap":{"version":3,"file":"/home/dzno23/Documents/ProjetosDev/meu-treino/backend/src/controllers/customer.controller.ts","sources":["/home/dzno23/Documents/ProjetosDev/meu-treino/backend/src/controllers/customer.controller.ts"],"names":[],"mappings":";;;;;;;;;;;;;;AAAA,4BAA0B;AAE1B,uCAA8C;AAC9C,mEAA2D;AAG3D,IAAqB,kBAAkB,GAAvC,MAAqB,kBAAkB;IACrC,YACqC,eAAgC;QAAhC,oBAAe,GAAf,eAAe,CAAiB;QAuC9D,SAAI,GAAG,KAAK,EAAE,GAAY,EAAE,GAAa,EAAqB,EAAE;YACrE,IAAI;gBACF,MAAM,EAAE,IAAI,EAAE,OAAO,EAAE,GAAG,MAAM,IAAI,CAAC,eAAe,CAAC,IAAI,CAAC,GAAG,CAAC,IAAI,CAAC,QAAQ,EAAE,GAAG,CAAC,IAAI,CAAC,OAAO,CAAC,CAAC;gBAC/F,OAAO,GAAG,CAAC,MAAM,CAAC,IAAI,CAAC,CAAC,IAAI,CAAC,OAAO,CAAC,CAAC;aACvC;YAAC,OAAO,GAAG,EAAE;gBACZ,OAAO,GAAG,CAAC,MAAM,CAAC,GAAG,CAAC,CAAC,IAAI,CAAE,GAAa,CAAC,OAAO,CAAC,CAAC;aACrD;QACH,CAAC,CAAC;QAEK,QAAG,GAAG,KAAK,EAAE,GAAY,EAAE,GAAa,EAAqB,EAAE;YACpE,IAAI;gBACF,MAAM,EAAE,IAAI,EAAE,OAAO,EAAE,GAAG,MAAM,IAAI,CAAC,eAAe,CAAC,GAAG,CAAC,MAAM,CAAC,GAAG,CAAC,MAAM,CAAC,EAAE,CAAC,EAAE,GAAG,CAAC,IAAI,CAAC,CAAC;gBAC1F,OAAO,GAAG,CAAC,MAAM,CAAC,IAAI,CAAC,CAAC,IAAI,CAAC,OAAO,CAAC,CAAC;aACvC;YAAC,OAAO,GAAG,EAAE;gBACZ,OAAO,GAAG,CAAC,MAAM,CAAC,GAAG,CAAC,CAAC,IAAI,CAAE,GAAa,CAAC,OAAO,CAAC,CAAC;aACrD;QACH,CAAC,CAAC;QAEK,WAAM,GAAG,KAAK,EAAE,GAAY,EAAE,GAAa,EAAqB,EAAE;YACvE,IAAI;gBACF,MAAM,EAAE,IAAI,EAAE,OAAO,EAAE,GAAG,MAAM,IAAI,CAAC,eAAe,CAAC,MAAM,CAAC,MAAM,CAAC,GAAG,CAAC,MAAM,CAAC,EAAE,CAAC,CAAC,CAAC;gBACnF,OAAO,GAAG,CAAC,MAAM,CAAC,IAAI,CAAC,CAAC,IAAI,CAAC,OAAO,CAAC,CAAC;aACvC;YAAC,OAAO,GAAG,EAAE;gBACZ,OAAO,GAAG,CAAC,MAAM,CAAC,GAAG,CAAC,CAAC,IAAI,CAAE,GAAa,CAAC,OAAO,CAAC,CAAC;aACrD;QACH,CAAC,CAAC;QAEK,UAAK,GAAG,KAAK,EAAE,GAAY,EAAE,GAAa,EAAqB,EAAE;YACtE,IAAI;gBACF,MAAM,EAAE,IAAI,EAAE,OAAO,EAAE,GAAG,MAAM,IAAI,CAAC,eAAe,CAAC,KAAK,CAAC,MAAM,CAAC,GAAG,CAAC,MAAM,CAAC,EAAE,CAAC,EAAE,GAAG,CAAC,IAAI,CAAC,OAAO,CAAC,CAAC;gBACpG,OAAO,GAAG,CAAC,MAAM,CAAC,IAAI,CAAC,CAAC,IAAI,CAAC,OAAO,CAAC,CAAC;aACvC;YAAC,OAAO,GAAG,EAAE;gBACZ,OAAO,GAAG,CAAC,MAAM,CAAC,GAAG,CAAC,CAAC,IAAI,CAAE,GAAa,CAAC,OAAO,CAAC,CAAC;aACrD;QACH,CAAC,CAAC;IAxEC,CAAC;IAEG,KAAK,CAAC,MAAM,CAAC,GAAY,EAAE,GAAa;QAC7C,IAAI;YACF,MAAM,EAAE,IAAI,EAAE,OAAO,EAAE,GAAG,MAAM,IAAI,CAAC,eAAe,CAAC,MAAM,EAAE,CAAC;YAC9D,OAAO,GAAG,CAAC,MAAM,CAAC,IAAI,CAAC,CAAC,IAAI,CAAC,OAAO,CAAC,CAAC;SACvC;QAAC,OAAO,GAAG,EAAE;YACZ,OAAO,GAAG,CAAC,MAAM,CAAC,GAAG,CAAC,CAAC,IAAI,CAAE,GAAa,CAAC,OAAO,CAAC,CAAC;SACrD;IACH,CAAC;IAAA,CAAC;IAEK,KAAK,CAAC,OAAO,CAAC,GAAY,EAAE,GAAa;QAC9C,IAAI;YACF,MAAM,EAAE,IAAI,EAAE,OAAO,EAAE,GAAG,MAAM,IAAI,CAAC,eAAe,CAAC,OAAO,CAAC,MAAM,CAAC,GAAG,CAAC,MAAM,CAAC,EAAE,CAAC,CAAC,CAAC;YACpF,OAAO,GAAG,CAAC,MAAM,CAAC,IAAI,CAAC,CAAC,IAAI,CAAC,OAAO,CAAC,CAAC;SACvC;QAAC,OAAO,GAAG,EAAE;YACZ,OAAO,GAAG,CAAC,MAAM,CAAC,GAAG,CAAC,CAAC,IAAI,CAAE,GAAa,CAAC,OAAO,CAAC,CAAC;SACrD;IACH,CAAC;IAAA,CAAC;IAEK,KAAK,CAAC,QAAQ,CAAC,GAAY,EAAE,GAAa;QAC/C,IAAI;YACF,MAAM,EAAE,IAAI,EAAE,OAAO,EAAE,GAAG,MAAM,IAAI,CAAC,eAAe,CAAC,QAAQ,CAAC,GAAG,CAAC,IAAI,CAAC,GAAG,CAAC,CAAC;YAC5E,OAAO,GAAG,CAAC,MAAM,CAAC,IAAI,CAAC,CAAC,IAAI,CAAC,OAAO,CAAC,CAAC;SACvC;QAAC,OAAO,GAAG,EAAE;YACZ,OAAO,GAAG,CAAC,MAAM,CAAC,GAAG,CAAC,CAAC,IAAI,CAAE,GAAa,CAAC,OAAO,CAAC,CAAC;SACrD;IACH,CAAC;IAAA,CAAC;IAEK,KAAK,CAAC,UAAU,CAAC,GAAY,EAAE,GAAa;QACjD,IAAI;YACF,MAAM,EAAE,IAAI,EAAE,OAAO,EAAE,GAAG,MAAM,IAAI,CAAC,eAAe,CAAC,UAAU,CAAC,GAAG,CAAC,IAAI,CAAC,KAAK,CAAC,CAAC;YAChF,OAAO,GAAG,CAAC,MAAM,CAAC,IAAI,CAAC,CAAC,IAAI,CAAC,OAAO,CAAC,CAAC;SACvC;QAAC,OAAO,GAAG,EAAE;YACZ,OAAO,GAAG,CAAC,MAAM,CAAC,GAAG,CAAC,CAAC,IAAI,CAAE,GAAa,CAAC,OAAO,CAAC,CAAC;SACrD;IACH,CAAC;IAAA,CAAC;CAqCH,CAAA;AA5EoB,kBAAkB;IADtC,IAAA,qBAAU,GAAE;IAGR,WAAA,IAAA,iBAAM,EAAC,iBAAiB,CAAC,CAAA;qCAA0B,0BAAe;GAFlD,kBAAkB,CA4EtC;kBA5EoB,kBAAkB","sourcesContent":["import 'reflect-metadata';\nimport { Request, Response } from 'express';\nimport { inject, injectable } from 'tsyringe';\nimport CustomerService from '../services/customer.service';\n\n@injectable()\nexport default class CustomerController {\n  constructor(\n    @inject('CustomerService') private customerService: CustomerService\n  ) {}\n\n  public async getAll(req: Request, res: Response): Promise<Response> {\n    try {\n      const { type, message } = await this.customerService.getAll();\n      return res.status(type).json(message);\n    } catch (err) {\n      return res.status(500).json((err as Error).message);\n    }\n  };\n\n  public async getById(req: Request, res: Response): Promise<Response> {\n    try {\n      const { type, message } = await this.customerService.getById(Number(req.params.id));\n      return res.status(type).json(message);\n    } catch (err) {\n      return res.status(500).json((err as Error).message);\n    }\n  };\n\n  public async getByCpf(req: Request, res: Response): Promise<Response> {\n    try {\n      const { type, message } = await this.customerService.getByCpf(req.body.cpf);\n      return res.status(type).json(message);\n    } catch (err) {\n      return res.status(500).json((err as Error).message);\n    }\n  };\n\n  public async getByEmail(req: Request, res: Response): Promise<Response> {\n    try {\n      const { type, message } = await this.customerService.getByEmail(req.body.email);\n      return res.status(type).json(message);\n    } catch (err) {\n      return res.status(500).json((err as Error).message);\n    }\n  };\n\n  public post = async (req: Request, res: Response): Promise<Response> => {\n    try {\n      const { type, message } = await this.customerService.post(req.body.customer, req.body.address);\n      return res.status(type).json(message);\n    } catch (err) {\n      return res.status(500).json((err as Error).message);\n    }\n  };\n\n  public put = async (req: Request, res: Response): Promise<Response> => {\n    try {\n      const { type, message } = await this.customerService.put(Number(req.params.id), req.body);\n      return res.status(type).json(message);\n    } catch (err) {\n      return res.status(500).json((err as Error).message);\n    }\n  };\n\n  public delete = async (req: Request, res: Response): Promise<Response> => {\n    try {\n      const { type, message } = await this.customerService.delete(Number(req.params.id));\n      return res.status(type).json(message);\n    } catch (err) {\n      return res.status(500).json((err as Error).message);\n    }\n  };\n\n  public patch = async (req: Request, res: Response): Promise<Response> => {\n    try {\n      const { type, message } = await this.customerService.patch(Number(req.params.id), req.body.updates);\n      return res.status(type).json(message);\n    } catch (err) {\n      return res.status(500).json((err as Error).message);\n    }\n  };\n}"]},"_coverageSchema":"1a1c01bbd47fc00a2c39e90264f33305004495a9","hash":"73166a8a09a697b5b2c92b836ce1e83e1d7972e8"},"/home/dzno23/Documents/ProjetosDev/meu-treino/backend/src/services/customer.service.ts":{"path":"/home/dzno23/Documents/ProjetosDev/meu-treino/backend/src/services/customer.service.ts","statementMap":{"0":{"start":{"line":2,"column":17},"end":{"line":7,"column":1}},"1":{"start":{"line":3,"column":12},"end":{"line":3,"column":28}},"2":{"start":{"line":3,"column":34},"end":{"line":3,"column":125}},"3":{"start":{"line":4,"column":4},"end":{"line":5,"column":150}},"4":{"start":{"line":4,"column":79},"end":{"line":4,"column":131}},"5":{"start":{"line":5,"column":9},"end":{"line":5,"column":150}},"6":{"start":{"line":5,"column":22},"end":{"line":5,"column":43}},"7":{"start":{"line":5,"column":58},"end":{"line":5,"column":150}},"8":{"start":{"line":5,"column":81},"end":{"line":5,"column":150}},"9":{"start":{"line":6,"column":4},"end":{"line":6,"column":66}},"10":{"start":{"line":8,"column":0},"end":{"line":8,"column":62}},"11":{"start":{"line":9,"column":0},"end":{"line":9,"column":28}},"12":{"start":{"line":10,"column":19},"end":{"line":10,"column":48}},"13":{"start":{"line":11,"column":18},"end":{"line":11,"column":46}},"14":{"start":{"line":12,"column":19},"end":{"line":12,"column":38}},"15":{"start":{"line":13,"column":22},"end":{"line":118,"column":1}},"16":{"start":{"line":15,"column":8},"end":{"line":23,"column":10}},"17":{"start":{"line":16,"column":12},"end":{"line":22,"column":13}},"18":{"start":{"line":17,"column":37},"end":{"line":17,"column":71}},"19":{"start":{"line":18,"column":16},"end":{"line":18,"column":60}},"20":{"start":{"line":21,"column":16},"end":{"line":21,"column":59}},"21":{"start":{"line":24,"column":8},"end":{"line":35,"column":10}},"22":{"start":{"line":25,"column":12},"end":{"line":34,"column":13}},"23":{"start":{"line":26,"column":33},"end":{"line":26,"column":114}},"24":{"start":{"line":27,"column":16},"end":{"line":29,"column":17}},"25":{"start":{"line":28,"column":20},"end":{"line":28,"column":73}},"26":{"start":{"line":30,"column":16},"end":{"line":30,"column":56}},"27":{"start":{"line":33,"column":16},"end":{"line":33,"column":59}},"28":{"start":{"line":36,"column":8},"end":{"line":47,"column":10}},"29":{"start":{"line":37,"column":12},"end":{"line":46,"column":13}},"30":{"start":{"line":38,"column":33},"end":{"line":38,"column":125}},"31":{"start":{"line":39,"column":16},"end":{"line":41,"column":17}},"32":{"start":{"line":40,"column":20},"end":{"line":40,"column":73}},"33":{"start":{"line":42,"column":16},"end":{"line":42,"column":56}},"34":{"start":{"line":45,"column":16},"end":{"line":45,"column":59}},"35":{"start":{"line":48,"column":8},"end":{"line":59,"column":10}},"36":{"start":{"line":49,"column":12},"end":{"line":58,"column":13}},"37":{"start":{"line":50,"column":33},"end":{"line":50,"column":127}},"38":{"start":{"line":51,"column":16},"end":{"line":53,"column":17}},"39":{"start":{"line":52,"column":20},"end":{"line":52,"column":73}},"40":{"start":{"line":54,"column":16},"end":{"line":54,"column":56}},"41":{"start":{"line":57,"column":16},"end":{"line":57,"column":59}},"42":{"start":{"line":60,"column":8},"end":{"line":77,"column":10}},"43":{"start":{"line":61,"column":12},"end":{"line":76,"column":13}},"44":{"start":{"line":62,"column":36},"end":{"line":62,"column":77}},"45":{"start":{"line":63,"column":16},"end":{"line":72,"column":17}},"46":{"start":{"line":64,"column":20},"end":{"line":64,"column":63}},"47":{"start":{"line":67,"column":39},"end":{"line":67,"column":78}},"48":{"start":{"line":68,"column":20},"end":{"line":68,"column":59}},"49":{"start":{"line":69,"column":20},"end":{"line":69,"column":45}},"50":{"start":{"line":70,"column":44},"end":{"line":70,"column":153}},"51":{"start":{"line":71,"column":20},"end":{"line":71,"column":67}},"52":{"start":{"line":75,"column":16},"end":{"line":75,"column":59}},"53":{"start":{"line":78,"column":8},"end":{"line":90,"column":10}},"54":{"start":{"line":79,"column":12},"end":{"line":89,"column":13}},"55":{"start":{"line":80,"column":41},"end":{"line":80,"column":78}},"56":{"start":{"line":81,"column":16},"end":{"line":83,"column":17}},"57":{"start":{"line":82,"column":20},"end":{"line":82,"column":73}},"58":{"start":{"line":84,"column":16},"end":{"line":84,"column":56}},"59":{"start":{"line":85,"column":16},"end":{"line":85,"column":64}},"60":{"start":{"line":88,"column":16},"end":{"line":88,"column":59}},"61":{"start":{"line":91,"column":8},"end":{"line":103,"column":10}},"62":{"start":{"line":92,"column":12},"end":{"line":102,"column":13}},"63":{"start":{"line":93,"column":33},"end":{"line":93,"column":70}},"64":{"start":{"line":94,"column":16},"end":{"line":96,"column":17}},"65":{"start":{"line":95,"column":20},"end":{"line":95,"column":73}},"66":{"start":{"line":97,"column":16},"end":{"line":97,"column":41}},"67":{"start":{"line":98,"column":16},"end":{"line":98,"column":67}},"68":{"start":{"line":101,"column":16},"end":{"line":101,"column":59}},"69":{"start":{"line":104,"column":8},"end":{"line":116,"column":10}},"70":{"start":{"line":105,"column":12},"end":{"line":115,"column":13}},"71":{"start":{"line":106,"column":33},"end":{"line":106,"column":70}},"72":{"start":{"line":107,"column":16},"end":{"line":109,"column":17}},"73":{"start":{"line":108,"column":20},"end":{"line":108,"column":73}},"74":{"start":{"line":110,"column":16},"end":{"line":110,"column":47}},"75":{"start":{"line":111,"column":16},"end":{"line":111,"column":56}},"76":{"start":{"line":114,"column":16},"end":{"line":114,"column":59}},"77":{"start":{"line":119,"column":0},"end":{"line":121,"column":20}},"78":{"start":{"line":122,"column":0},"end":{"line":122,"column":34}}},"fnMap":{"0":{"name":"(anonymous_0)","decl":{"start":{"line":2,"column":46},"end":{"line":2,"column":47}},"loc":{"start":{"line":2,"column":87},"end":{"line":7,"column":1}},"line":2},"1":{"name":"(anonymous_1)","decl":{"start":{"line":14,"column":4},"end":{"line":14,"column":5}},"loc":{"start":{"line":14,"column":18},"end":{"line":117,"column":5}},"line":14},"2":{"name":"(anonymous_2)","decl":{"start":{"line":15,"column":22},"end":{"line":15,"column":23}},"loc":{"start":{"line":15,"column":34},"end":{"line":23,"column":9}},"line":15},"3":{"name":"(anonymous_3)","decl":{"start":{"line":24,"column":23},"end":{"line":24,"column":24}},"loc":{"start":{"line":24,"column":37},"end":{"line":35,"column":9}},"line":24},"4":{"name":"(anonymous_4)","decl":{"start":{"line":36,"column":24},"end":{"line":36,"column":25}},"loc":{"start":{"line":36,"column":39},"end":{"line":47,"column":9}},"line":36},"5":{"name":"(anonymous_5)","decl":{"start":{"line":48,"column":26},"end":{"line":48,"column":27}},"loc":{"start":{"line":48,"column":43},"end":{"line":59,"column":9}},"line":48},"6":{"name":"(anonymous_6)","decl":{"start":{"line":60,"column":20},"end":{"line":60,"column":21}},"loc":{"start":{"line":60,"column":49},"end":{"line":77,"column":9}},"line":60},"7":{"name":"(anonymous_7)","decl":{"start":{"line":78,"column":19},"end":{"line":78,"column":20}},"loc":{"start":{"line":78,"column":43},"end":{"line":90,"column":9}},"line":78},"8":{"name":"(anonymous_8)","decl":{"start":{"line":91,"column":22},"end":{"line":91,"column":23}},"loc":{"start":{"line":91,"column":36},"end":{"line":103,"column":9}},"line":91},"9":{"name":"(anonymous_9)","decl":{"start":{"line":104,"column":21},"end":{"line":104,"column":22}},"loc":{"start":{"line":104,"column":44},"end":{"line":116,"column":9}},"line":104}},"branchMap":{"0":{"loc":{"start":{"line":2,"column":17},"end":{"line":7,"column":1}},"type":"binary-expr","locations":[{"start":{"line":2,"column":18},"end":{"line":2,"column":22}},{"start":{"line":2,"column":26},"end":{"line":2,"column":41}},{"start":{"line":2,"column":46},"end":{"line":7,"column":1}}],"line":2},"1":{"loc":{"start":{"line":3,"column":34},"end":{"line":3,"column":125}},"type":"cond-expr","locations":[{"start":{"line":3,"column":42},"end":{"line":3,"column":48}},{"start":{"line":3,"column":51},"end":{"line":3,"column":125}}],"line":3},"2":{"loc":{"start":{"line":3,"column":51},"end":{"line":3,"column":125}},"type":"cond-expr","locations":[{"start":{"line":3,"column":67},"end":{"line":3,"column":118}},{"start":{"line":3,"column":121},"end":{"line":3,"column":125}}],"line":3},"3":{"loc":{"start":{"line":4,"column":4},"end":{"line":5,"column":150}},"type":"if","locations":[{"start":{"line":4,"column":4},"end":{"line":5,"column":150}},{"start":{"line":4,"column":4},"end":{"line":5,"column":150}}],"line":4},"4":{"loc":{"start":{"line":4,"column":8},"end":{"line":4,"column":77}},"type":"binary-expr","locations":[{"start":{"line":4,"column":8},"end":{"line":4,"column":35}},{"start":{"line":4,"column":39},"end":{"line":4,"column":77}}],"line":4},"5":{"loc":{"start":{"line":5,"column":58},"end":{"line":5,"column":150}},"type":"if","locations":[{"start":{"line":5,"column":58},"end":{"line":5,"column":150}},{"start":{"line":5,"column":58},"end":{"line":5,"column":150}}],"line":5},"6":{"loc":{"start":{"line":5,"column":85},"end":{"line":5,"column":149}},"type":"binary-expr","locations":[{"start":{"line":5,"column":86},"end":{"line":5,"column":143}},{"start":{"line":5,"column":148},"end":{"line":5,"column":149}}],"line":5},"7":{"loc":{"start":{"line":5,"column":86},"end":{"line":5,"column":143}},"type":"cond-expr","locations":[{"start":{"line":5,"column":94},"end":{"line":5,"column":98}},{"start":{"line":5,"column":101},"end":{"line":5,"column":143}}],"line":5},"8":{"loc":{"start":{"line":5,"column":101},"end":{"line":5,"column":143}},"type":"cond-expr","locations":[{"start":{"line":5,"column":109},"end":{"line":5,"column":126}},{"start":{"line":5,"column":129},"end":{"line":5,"column":143}}],"line":5},"9":{"loc":{"start":{"line":6,"column":11},"end":{"line":6,"column":62}},"type":"binary-expr","locations":[{"start":{"line":6,"column":11},"end":{"line":6,"column":16}},{"start":{"line":6,"column":20},"end":{"line":6,"column":21}},{"start":{"line":6,"column":25},"end":{"line":6,"column":62}}],"line":6},"10":{"loc":{"start":{"line":27,"column":16},"end":{"line":29,"column":17}},"type":"if","locations":[{"start":{"line":27,"column":16},"end":{"line":29,"column":17}},{"start":{"line":27,"column":16},"end":{"line":29,"column":17}}],"line":27},"11":{"loc":{"start":{"line":39,"column":16},"end":{"line":41,"column":17}},"type":"if","locations":[{"start":{"line":39,"column":16},"end":{"line":41,"column":17}},{"start":{"line":39,"column":16},"end":{"line":41,"column":17}}],"line":39},"12":{"loc":{"start":{"line":51,"column":16},"end":{"line":53,"column":17}},"type":"if","locations":[{"start":{"line":51,"column":16},"end":{"line":53,"column":17}},{"start":{"line":51,"column":16},"end":{"line":53,"column":17}}],"line":51},"13":{"loc":{"start":{"line":63,"column":16},"end":{"line":72,"column":17}},"type":"if","locations":[{"start":{"line":63,"column":16},"end":{"line":72,"column":17}},{"start":{"line":63,"column":16},"end":{"line":72,"column":17}}],"line":63},"14":{"loc":{"start":{"line":81,"column":16},"end":{"line":83,"column":17}},"type":"if","locations":[{"start":{"line":81,"column":16},"end":{"line":83,"column":17}},{"start":{"line":81,"column":16},"end":{"line":83,"column":17}}],"line":81},"15":{"loc":{"start":{"line":94,"column":16},"end":{"line":96,"column":17}},"type":"if","locations":[{"start":{"line":94,"column":16},"end":{"line":96,"column":17}},{"start":{"line":94,"column":16},"end":{"line":96,"column":17}}],"line":94},"16":{"loc":{"start":{"line":107,"column":16},"end":{"line":109,"column":17}},"type":"if","locations":[{"start":{"line":107,"column":16},"end":{"line":109,"column":17}},{"start":{"line":107,"column":16},"end":{"line":109,"column":17}}],"line":107}},"s":{"0":1,"1":1,"2":1,"3":1,"4":1,"5":0,"6":0,"7":0,"8":0,"9":1,"10":1,"11":1,"12":1,"13":1,"14":1,"15":1,"16":19,"17":0,"18":0,"19":0,"20":0,"21":19,"22":0,"23":0,"24":0,"25":0,"26":0,"27":0,"28":19,"29":0,"30":0,"31":0,"32":0,"33":0,"34":0,"35":19,"36":0,"37":0,"38":0,"39":0,"40":0,"41":0,"42":19,"43":0,"44":0,"45":0,"46":0,"47":0,"48":0,"49":0,"50":0,"51":0,"52":0,"53":19,"54":0,"55":0,"56":0,"57":0,"58":0,"59":0,"60":0,"61":19,"62":0,"63":0,"64":0,"65":0,"66":0,"67":0,"68":0,"69":19,"70":0,"71":0,"72":0,"73":0,"74":0,"75":0,"76":0,"77":1,"78":1},"f":{"0":1,"1":19,"2":0,"3":0,"4":0,"5":0,"6":0,"7":0,"8":0,"9":0},"b":{"0":[1,1,1],"1":[1,0],"2":[0,0],"3":[1,0],"4":[1,1],"5":[0,0],"6":[0,0],"7":[0,0],"8":[0,0],"9":[1,0,0],"10":[0,0],"11":[0,0],"12":[0,0],"13":[0,0],"14":[0,0],"15":[0,0],"16":[0,0]},"inputSourceMap":{"version":3,"file":"/home/dzno23/Documents/ProjetosDev/meu-treino/backend/src/services/customer.service.ts","sources":["/home/dzno23/Documents/ProjetosDev/meu-treino/backend/src/services/customer.service.ts"],"names":[],"mappings":";;;;;;;;AAAA,4BAA0B;AAE1B,iDAA0C;AAC1C,+CAAwC;AAExC,uCAA8C;AAG9C,IAAqB,eAAe,GAApC,MAAqB,eAAe;IAApC;QAES,WAAM,GAAG,KAAK,IAAI,EAAE;YACzB,IAAI;gBACF,MAAM,YAAY,GAAG,MAAM,kBAAQ,CAAC,OAAO,EAAE,CAAC;gBAC9C,OAAO,EAAE,IAAI,EAAE,GAAG,EAAE,OAAO,EAAE,YAAY,EAAE,CAAC;aAC7C;YAAC,OAAO,GAAG,EAAE;gBACZ,OAAO,EAAE,IAAI,EAAE,GAAG,EAAE,OAAO,EAAG,GAAa,CAAC,OAAO,EAAE,CAAC;aACvD;QACH,CAAC,CAAC;QAEK,YAAO,GAAG,KAAK,EAAE,EAAU,EAAE,EAAE;YACpC,IAAI;gBACF,MAAM,QAAQ,GAAG,MAAM,kBAAQ,CAAC,QAAQ,CAAC,EAAE,EAAE,EAAE,OAAO,EAAE,CAAC,EAAE,GAAG,EAAE,IAAI,EAAE,MAAM,EAAE,IAAI,EAAE,CAAC,EAAE,CAAC,CAAC;gBAEzF,IAAI,CAAC,QAAQ,EAAE;oBACb,OAAO,EAAE,IAAI,EAAE,GAAG,EAAE,OAAO,EAAE,qBAAqB,EAAE,CAAC;iBACtD;gBACD,OAAO,EAAE,IAAI,EAAE,GAAG,EAAE,OAAO,EAAE,QAAQ,EAAE,CAAC;aACzC;YAAC,OAAO,GAAG,EAAE;gBACZ,OAAO,EAAE,IAAI,EAAE,GAAG,EAAE,OAAO,EAAG,GAAa,CAAC,OAAO,EAAE,CAAC;aACvD;QACH,CAAC,CAAC;QAEK,aAAQ,GAAG,KAAK,EAAE,GAAW,EAAE,EAAE;YACtC,IAAI;gBACF,MAAM,QAAQ,GAAG,MAAM,kBAAQ,CAAC,OAAO,CAAC,EAAE,KAAK,EAAE,EAAE,GAAG,EAAE,EAAE,OAAO,EAAE,CAAC,EAAE,GAAG,EAAE,IAAI,EAAE,MAAM,EAAE,IAAI,EAAE,CAAC,EAAE,CAAC,CAAC;gBACpG,IAAI,CAAC,QAAQ,EAAE;oBACb,OAAO,EAAE,IAAI,EAAE,GAAG,EAAE,OAAO,EAAE,qBAAqB,EAAE,CAAC;iBACtD;gBAED,OAAO,EAAE,IAAI,EAAE,GAAG,EAAE,OAAO,EAAE,QAAQ,EAAE,CAAC;aACzC;YAAC,OAAO,GAAG,EAAE;gBACZ,OAAO,EAAE,IAAI,EAAE,GAAG,EAAE,OAAO,EAAG,GAAa,CAAC,OAAO,EAAE,CAAC;aACvD;QACH,CAAC,CAAC;QAEK,eAAU,GAAG,KAAK,EAAE,KAAa,EAAE,EAAE;YAC1C,IAAI;gBACF,MAAM,QAAQ,GAAG,MAAM,kBAAQ,CAAC,OAAO,CAAC,EAAE,KAAK,EAAE,EAAE,KAAK,EAAE,EAAE,OAAO,EAAE,CAAC,EAAE,GAAG,EAAE,IAAI,EAAE,MAAM,EAAE,IAAI,EAAE,CAAC,EAAE,CAAC,CAAC;gBAEtG,IAAI,CAAC,QAAQ,EAAE;oBACb,OAAO,EAAE,IAAI,EAAE,GAAG,EAAE,OAAO,EAAE,qBAAqB,EAAE,CAAC;iBACtD;gBAED,OAAO,EAAE,IAAI,EAAE,GAAG,EAAE,OAAO,EAAE,QAAQ,EAAE,CAAC;aACzC;YAAC,OAAO,GAAG,EAAE;gBACZ,OAAO,EAAE,IAAI,EAAE,GAAG,EAAE,OAAO,EAAG,GAAa,CAAC,OAAO,EAAE,CAAC;aACvD;QACH,CAAC,CAAC;QAEK,SAAI,GAAG,KAAK,EAAE,QAAkB,EAAE,OAAiB,EAAE,EAAE;YAC5D,IAAI;gBACF,MAAM,WAAW,GAAG,MAAM,kBAAQ,CAAC,MAAM,CAAC,QAAQ,CAAC,CAAC;gBAEpD,IAAI,CAAC,OAAO,EAAE;oBACZ,OAAO,EAAE,IAAI,EAAE,GAAG,EAAE,OAAO,EAAE,WAAW,EAAE,CAAC;iBAC5C;qBAAM;oBACL,MAAM,UAAU,GAAG,MAAM,iBAAO,CAAC,MAAM,CAAC,OAAO,CAAC,CAAC;oBAEjD,WAAW,CAAC,UAAU,GAAG,UAAU,CAAC,EAAE,CAAC;oBACvC,MAAM,WAAW,CAAC,IAAI,EAAE,CAAC;oBAEzB,MAAM,eAAe,GAAG,MAAM,kBAAQ,CAAC,QAAQ,CAAC,WAAW,CAAC,EAAE,EAAE,EAAE,OAAO,EAAE,CAAC,EAAE,KAAK,EAAE,iBAAO,EAAE,EAAE,EAAE,SAAS,EAAC,CAAC,EAAE,CAAC,CAAC;oBAEjH,OAAO,EAAE,IAAI,EAAE,GAAG,EAAE,OAAO,EAAE,eAAe,EAAE,CAAC;iBAChD;aACF;YAAC,OAAO,GAAG,EAAE;gBACZ,OAAO,EAAE,IAAI,EAAE,GAAG,EAAE,OAAO,EAAG,GAAa,CAAC,OAAO,EAAE,CAAC;aACvD;QACH,CAAC,CAAC;QAEK,QAAG,GAAG,KAAK,EAAE,EAAU,EAAE,QAAkB,EAAE,EAAE;YACpD,IAAI;gBACF,MAAM,gBAAgB,GAAG,MAAM,kBAAQ,CAAC,QAAQ,CAAC,EAAE,CAAC,CAAC;gBAErD,IAAI,CAAC,gBAAgB,EAAE;oBACrB,OAAO,EAAE,IAAI,EAAE,GAAG,EAAE,OAAO,EAAE,qBAAqB,EAAE,CAAC;iBACtD;gBAED,MAAM,gBAAgB,CAAC,MAAM,CAAC,QAAQ,CAAC,CAAC;gBACxC,OAAO,EAAE,IAAI,EAAE,GAAG,EAAE,OAAO,EAAE,gBAAgB,EAAE,CAAC;aACjD;YAAC,OAAO,GAAG,EAAE;gBACZ,OAAO,EAAE,IAAI,EAAE,GAAG,EAAE,OAAO,EAAG,GAAa,CAAC,OAAO,EAAE,CAAC;aACvD;QACH,CAAC,CAAC;QAEK,WAAM,GAAG,KAAK,EAAE,EAAU,EAAE,EAAE;YACnC,IAAI;gBACF,MAAM,QAAQ,GAAG,MAAM,kBAAQ,CAAC,QAAQ,CAAC,EAAE,CAAC,CAAC;gBAE7C,IAAI,CAAC,QAAQ,EAAE;oBACb,OAAO,EAAE,IAAI,EAAE,GAAG,EAAE,OAAO,EAAE,qBAAqB,EAAE,CAAC;iBACtD;gBAED,MAAM,QAAQ,CAAC,OAAO,EAAE,CAAC;gBACzB,OAAO,EAAE,IAAI,EAAE,GAAG,EAAE,OAAO,EAAE,mBAAmB,EAAE,CAAC;aACpD;YAAC,OAAO,GAAG,EAAE;gBACZ,OAAO,EAAE,IAAI,EAAE,GAAG,EAAE,OAAO,EAAG,GAAa,CAAC,OAAO,EAAE,CAAC;aACvD;QACH,CAAC,CAAA;QAEM,UAAK,GAAG,KAAK,EAAE,EAAU,EAAE,OAA0B,EAAE,EAAE;YAC9D,IAAI;gBACF,MAAM,QAAQ,GAAG,MAAM,kBAAQ,CAAC,QAAQ,CAAC,EAAE,CAAC,CAAC;gBAE7C,IAAI,CAAC,QAAQ,EAAE;oBACb,OAAO,EAAE,IAAI,EAAE,GAAG,EAAE,OAAO,EAAE,qBAAqB,EAAE,CAAC;iBACtD;gBAED,MAAM,QAAQ,CAAC,MAAM,CAAC,OAAO,CAAC,CAAC;gBAC/B,OAAO,EAAE,IAAI,EAAE,GAAG,EAAE,OAAO,EAAE,QAAQ,EAAE,CAAC;aACzC;YAAC,OAAO,GAAG,EAAE;gBACZ,OAAO,EAAE,IAAI,EAAE,GAAG,EAAE,OAAO,EAAG,GAAa,CAAC,OAAO,EAAE,CAAC;aACvD;QACH,CAAC,CAAC;IACJ,CAAC;CAAA,CAAA;AApHoB,eAAe;IADnC,IAAA,qBAAU,GAAE;GACQ,eAAe,CAoHnC;kBApHoB,eAAe;AAoHnC,CAAC","sourcesContent":["import 'reflect-metadata';\n\nimport Customer from \"../models/Customer\";\nimport Address from \"../models/Address\";\n\nimport { inject, injectable } from \"tsyringe\";\n\n@injectable()\nexport default class CustomerService {\n\n  public getAll = async () => {\n    try {\n      const allCustomers = await Customer.findAll();\n      return { type: 200, message: allCustomers };\n    } catch (err) {\n      return { type: 500, message: (err as Error).message };\n    }\n  };\n\n  public getById = async (id: number) => {\n    try {\n      const customer = await Customer.findByPk(id, { include: [{ all: true, nested: true }] });\n\n      if (!customer) {\n        return { type: 404, message: \"Customer not found.\" };\n      }\n      return { type: 200, message: customer };\n    } catch (err) {\n      return { type: 500, message: (err as Error).message };\n    }\n  };\n\n  public getByCpf = async (cpf: string) => {\n    try {\n      const customer = await Customer.findOne({ where: { cpf }, include: [{ all: true, nested: true }] });\n      if (!customer) {\n        return { type: 404, message: \"Customer not found.\" };\n      }\n\n      return { type: 200, message: customer };\n    } catch (err) {\n      return { type: 500, message: (err as Error).message };\n    }\n  };\n\n  public getByEmail = async (email: string) => {\n    try {\n      const customer = await Customer.findOne({ where: { email }, include: [{ all: true, nested: true }] });\n\n      if (!customer) {\n        return { type: 404, message: \"Customer not found.\" };\n      }\n\n      return { type: 200, message: customer };\n    } catch (err) {\n      return { type: 500, message: (err as Error).message };\n    }\n  };\n\n  public post = async (customer: Customer, address?: Address) => {\n    try {\n      const newCustomer = await Customer.create(customer);\n\n      if (!address) {\n        return { type: 201, message: newCustomer };\n      } else {\n        const newAddress = await Address.create(address);\n        \n        newCustomer.address_id = newAddress.id;\n        await newCustomer.save();\n        \n        const customerCreated = await Customer.findByPk(newCustomer.id, { include: [{ model: Address, as: 'address'}] });\n  \n        return { type: 201, message: customerCreated };\n      }\n    } catch (err) {\n      return { type: 500, message: (err as Error).message };\n    }\n  };\n\n  public put = async (id: number, customer: Customer) => {\n    try {\n      const customerToUpdate = await Customer.findByPk(id);\n\n      if (!customerToUpdate) {\n        return { type: 404, message: \"Customer not found.\" };\n      }\n\n      await customerToUpdate.update(customer);\n      return { type: 200, message: customerToUpdate };\n    } catch (err) {\n      return { type: 500, message: (err as Error).message };\n    }\n  };\n\n  public delete = async (id: number) => {\n    try {\n      const customer = await Customer.findByPk(id);\n\n      if (!customer) {\n        return { type: 404, message: \"Customer not found.\" };\n      }\n\n      await customer.destroy();\n      return { type: 200, message: \"Customer deleted.\" };\n    } catch (err) {\n      return { type: 500, message: (err as Error).message };\n    }\n  }\n\n  public patch = async (id: number, updates: Partial<Customer>) => {\n    try {\n      const customer = await Customer.findByPk(id);\n\n      if (!customer) {\n        return { type: 404, message: \"Customer not found.\" };\n      }\n\n      await customer.update(updates);\n      return { type: 200, message: customer };\n    } catch (err) {\n      return { type: 500, message: (err as Error).message };\n    }\n  };\n};\n\n"]},"_coverageSchema":"1a1c01bbd47fc00a2c39e90264f33305004495a9","hash":"b2608a3c51b4fa975ad7fa7728bed0a9c3e5563b"},"/home/dzno23/Documents/ProjetosDev/meu-treino/backend/src/models/Customer.ts":{"path":"/home/dzno23/Documents/ProjetosDev/meu-treino/backend/src/models/Customer.ts","statementMap":{"0":{"start":{"line":2,"column":0},"end":{"line":2,"column":62}},"1":{"start":{"line":3,"column":20},"end":{"line":3,"column":40}},"2":{"start":{"line":4,"column":11},"end":{"line":4,"column":23}},"3":{"start":{"line":5,"column":23},"end":{"line":5,"column":48}},"4":{"start":{"line":6,"column":18},"end":{"line":6,"column":38}},"5":{"start":{"line":9,"column":0},"end":{"line":9,"column":27}},"6":{"start":{"line":10,"column":0},"end":{"line":63,"column":3}},"7":{"start":{"line":64,"column":0},"end":{"line":68,"column":3}},"8":{"start":{"line":69,"column":0},"end":{"line":73,"column":3}},"9":{"start":{"line":74,"column":0},"end":{"line":78,"column":3}}},"fnMap":{},"branchMap":{},"s":{"0":1,"1":1,"2":1,"3":1,"4":1,"5":1,"6":1,"7":1,"8":1,"9":1},"f":{},"b":{},"inputSourceMap":{"version":3,"file":"/home/dzno23/Documents/ProjetosDev/meu-treino/backend/src/models/Customer.ts","sources":["/home/dzno23/Documents/ProjetosDev/meu-treino/backend/src/models/Customer.ts"],"names":[],"mappings":";;AAAA,yCAAsF;AACtF,wBAAmB;AAEnB,iDAA0C;AAC1C,uCAAgC;AAEhC,MAAqB,QAAS,SAAQ,iBAAmE;CAWxG;AAXD,2BAWC;AAED,QAAQ,CAAC,IAAI,CAAC;IACZ,EAAE,EAAE;QACF,IAAI,EAAE,qBAAS,CAAC,OAAO;QACvB,UAAU,EAAE,IAAI;QAChB,aAAa,EAAE,IAAI;QACnB,SAAS,EAAE,KAAK;KACjB;IACD,UAAU,EAAE;QACV,IAAI,EAAE,qBAAS,CAAC,MAAM;QACtB,SAAS,EAAE,KAAK;KACjB;IACD,SAAS,EAAE;QACT,IAAI,EAAE,qBAAS,CAAC,MAAM;QACtB,SAAS,EAAE,KAAK;KACjB;IACD,KAAK,EAAE;QACL,IAAI,EAAE,qBAAS,CAAC,MAAM;QACtB,SAAS,EAAE,KAAK;QAChB,MAAM,EAAE,IAAI;KACb;IACD,MAAM,EAAE;QACN,IAAI,EAAE,qBAAS,CAAC,MAAM;QACtB,SAAS,EAAE,KAAK;KACjB;IACD,KAAK,EAAE;QACL,IAAI,EAAE,qBAAS,CAAC,MAAM;QACtB,SAAS,EAAE,KAAK;QAChB,MAAM,EAAE,IAAI;KACb;IACD,GAAG,EAAE;QACH,IAAI,EAAE,qBAAS,CAAC,MAAM;QACtB,SAAS,EAAE,KAAK;QAChB,MAAM,EAAE,IAAI;KACb;IACD,QAAQ,EAAE;QACR,IAAI,EAAE,qBAAS,CAAC,OAAO;QACvB,SAAS,EAAE,KAAK;QAChB,YAAY,EAAE,IAAI;KACnB;IACD,UAAU,EAAE;QACV,IAAI,EAAE,qBAAS,CAAC,OAAO;QACvB,SAAS,EAAE,IAAI;QACf,UAAU,EAAE;YACV,KAAK,EAAE,SAAS;YAChB,GAAG,EAAE,IAAI;SACV;KACF;CACF,EAAE;IACD,SAAS,EAAE,UAAE;IACb,SAAS,EAAE,UAAU;IACrB,SAAS,EAAE,UAAU;IACrB,WAAW,EAAE,IAAI;IACjB,UAAU,EAAE,KAAK;CAClB,CAAC,CAAC;AAEH,QAAQ,CAAC,OAAO,CAAC,sBAAY,EAAE;IAC7B,UAAU,EAAE,aAAa;IACzB,EAAE,EAAE,eAAe;IACnB,WAAW,EAAE,KAAK;CACnB,CAAC,CAAC;AAEH,sBAAY,CAAC,SAAS,CAAC,QAAQ,EAAE;IAC/B,UAAU,EAAE,aAAa;IACzB,EAAE,EAAE,UAAU;IACd,WAAW,EAAE,KAAK;CACnB,CAAC,CAAC;AAEH,QAAQ,CAAC,MAAM,CAAC,iBAAO,EAAE;IACvB,UAAU,EAAE,IAAI;IAChB,EAAE,EAAE,SAAS;IACb,WAAW,EAAE,KAAK;CACnB,CAAC,CAAC","sourcesContent":["import {Model, DataTypes, InferAttributes, InferCreationAttributes } from 'sequelize';\nimport db from '.';\n\nimport Workoutsheet from './Workoutsheet';\nimport Address from './Address';\n\nexport default class Customer extends Model<InferAttributes<Customer>, InferCreationAttributes<Customer>> {\n  declare id?: number;\n  declare first_name: string;\n  declare last_name: string;\n  declare email: string;\n  declare gender: string;\n  declare phone: string;\n  declare cpf: string;\n  declare isActive: boolean;\n\n  public address_id?: number;\n}\n\nCustomer.init({\n  id: {\n    type: DataTypes.INTEGER,\n    primaryKey: true,\n    autoIncrement: true,\n    allowNull: false,\n  },\n  first_name: {\n    type: DataTypes.STRING,\n    allowNull: false,\n  },\n  last_name: {\n    type: DataTypes.STRING,\n    allowNull: false,\n  },\n  email: {\n    type: DataTypes.STRING,\n    allowNull: false,\n    unique: true,\n  },\n  gender: {\n    type: DataTypes.STRING,\n    allowNull: false,\n  },\n  phone: {\n    type: DataTypes.STRING,\n    allowNull: false,\n    unique: true,\n  },\n  cpf: {\n    type: DataTypes.STRING,\n    allowNull: false,\n    unique: true,\n  },\n  isActive: {\n    type: DataTypes.BOOLEAN,\n    allowNull: false,\n    defaultValue: true,\n  },\n  address_id: {\n    type: DataTypes.INTEGER,\n    allowNull: true,\n    references: {\n      model: 'address',\n      key: 'id'\n    }\n  },\n}, {\n  sequelize: db,\n  modelName: 'customer',\n  tableName: 'customer',\n  underscored: true,\n  timestamps: false,\n});\n\nCustomer.hasMany(Workoutsheet, {\n  foreignKey: 'customer_id',\n  as: 'workoutsheets',\n  constraints: false,\n});\n\nWorkoutsheet.belongsTo(Customer, {\n  foreignKey: 'customer_id',\n  as: 'customer',\n  constraints: false,\n});\n\nCustomer.hasOne(Address, {\n  foreignKey: 'id',\n  as: 'address',\n  constraints: false,\n});\n"]},"_coverageSchema":"1a1c01bbd47fc00a2c39e90264f33305004495a9","hash":"be624d4f7dcc28d73dd2542ce32ce970246c6f55"},"/home/dzno23/Documents/ProjetosDev/meu-treino/backend/src/models/Workoutsheet.ts":{"path":"/home/dzno23/Documents/ProjetosDev/meu-treino/backend/src/models/Workoutsheet.ts","statementMap":{"0":{"start":{"line":2,"column":0},"end":{"line":2,"column":62}},"1":{"start":{"line":3,"column":20},"end":{"line":3,"column":40}},"2":{"start":{"line":4,"column":11},"end":{"line":4,"column":23}},"3":{"start":{"line":5,"column":18},"end":{"line":5,"column":38}},"4":{"start":{"line":8,"column":0},"end":{"line":8,"column":31}},"5":{"start":{"line":9,"column":0},"end":{"line":42,"column":3}},"6":{"start":{"line":43,"column":0},"end":{"line":47,"column":3}}},"fnMap":{},"branchMap":{},"s":{"0":1,"1":1,"2":1,"3":1,"4":1,"5":1,"6":1},"f":{},"b":{},"inputSourceMap":{"version":3,"file":"/home/dzno23/Documents/ProjetosDev/meu-treino/backend/src/models/Workoutsheet.ts","sources":["/home/dzno23/Documents/ProjetosDev/meu-treino/backend/src/models/Workoutsheet.ts"],"names":[],"mappings":";;AAAA,yCAAqF;AACrF,wBAAmB;AAGnB,uCAAgC;AAEhC,MAAqB,YAAa,SAAQ,iBAA2E;CAMpH;AAND,+BAMC;AAED,YAAY,CAAC,IAAI,CAAC;IAChB,EAAE,EAAE;QACF,IAAI,EAAE,qBAAS,CAAC,OAAO;QACvB,UAAU,EAAE,IAAI;QAChB,aAAa,EAAE,IAAI;QACnB,SAAS,EAAE,KAAK;KACjB;IACD,WAAW,EAAE;QACX,IAAI,EAAE,qBAAS,CAAC,OAAO;QACvB,UAAU,EAAE;YACV,KAAK,EAAE,UAAU;YACjB,GAAG,EAAE,IAAI;SACV;KACF;IACD,KAAK,EAAE;QACL,IAAI,EAAE,qBAAS,CAAC,MAAM;QACtB,SAAS,EAAE,KAAK;KACjB;IACD,WAAW,EAAE;QACX,IAAI,EAAE,qBAAS,CAAC,MAAM;QACtB,SAAS,EAAE,KAAK;KACjB;IACD,SAAS,EAAE;QACT,IAAI,EAAE,qBAAS,CAAC,OAAO;QACvB,SAAS,EAAE,KAAK;QAChB,YAAY,EAAE,IAAI;KACnB;CACF,EAAE;IACD,SAAS,EAAE,UAAE;IACb,SAAS,EAAE,cAAc;IACzB,SAAS,EAAE,cAAc;IACzB,WAAW,EAAE,IAAI;IACjB,UAAU,EAAE,KAAK;CAClB,CAAC,CAAC;AAEH,YAAY,CAAC,OAAO,CAAC,iBAAO,EAAE;IAC5B,UAAU,EAAE,iBAAiB;IAC7B,EAAE,EAAE,UAAU;IACd,WAAW,EAAE,KAAK;CACnB,CAAC,CAAC","sourcesContent":["import {Model, DataTypes, InferAttributes, InferCreationAttributes} from 'sequelize';\nimport db from '.';\n\nimport Customer from './Customer';\nimport Workout from './Workout';\n\nexport default class Workoutsheet extends Model<InferAttributes<Workoutsheet>, InferCreationAttributes<Workoutsheet>> {\n  declare id?: number;\n  declare customer_id: number;\n  declare title: string;\n  declare description: string;\n  declare is_active: boolean;\n}\n\nWorkoutsheet.init({\n  id: {\n    type: DataTypes.INTEGER,\n    primaryKey: true,\n    autoIncrement: true,\n    allowNull: false,\n  },\n  customer_id: {\n    type: DataTypes.INTEGER,\n    references: {\n      model: 'customer',\n      key: 'id'\n    }\n  },\n  title: {\n    type: DataTypes.STRING,\n    allowNull: false,\n  },\n  description: {\n    type: DataTypes.STRING,\n    allowNull: false,\n  },\n  is_active: {\n    type: DataTypes.BOOLEAN,\n    allowNull: false,\n    defaultValue: true,\n  },\n}, {\n  sequelize: db,\n  modelName: 'workoutsheet',\n  tableName: 'workoutsheet',\n  underscored: true,\n  timestamps: false,\n});\n\nWorkoutsheet.hasMany(Workout, {\n  foreignKey: 'workoutsheet_id',\n  as: 'workouts',\n  constraints: false,\n});\n"]},"_coverageSchema":"1a1c01bbd47fc00a2c39e90264f33305004495a9","hash":"aa9bab070a140765602a3db612acec198e7bc3ae"},"/home/dzno23/Documents/ProjetosDev/meu-treino/backend/src/models/Workout.ts":{"path":"/home/dzno23/Documents/ProjetosDev/meu-treino/backend/src/models/Workout.ts","statementMap":{"0":{"start":{"line":2,"column":0},"end":{"line":2,"column":62}},"1":{"start":{"line":3,"column":20},"end":{"line":3,"column":40}},"2":{"start":{"line":4,"column":11},"end":{"line":4,"column":23}},"3":{"start":{"line":5,"column":19},"end":{"line":5,"column":40}},"4":{"start":{"line":6,"column":26},"end":{"line":6,"column":54}},"5":{"start":{"line":9,"column":0},"end":{"line":9,"column":26}},"6":{"start":{"line":10,"column":0},"end":{"line":42,"column":3}},"7":{"start":{"line":43,"column":0},"end":{"line":43,"column":108}}},"fnMap":{},"branchMap":{},"s":{"0":1,"1":1,"2":1,"3":1,"4":1,"5":1,"6":1,"7":1},"f":{},"b":{},"inputSourceMap":{"version":3,"file":"/home/dzno23/Documents/ProjetosDev/meu-treino/backend/src/models/Workout.ts","sources":["/home/dzno23/Documents/ProjetosDev/meu-treino/backend/src/models/Workout.ts"],"names":[],"mappings":";;AAAA,yCAAuF;AACvF,wBAAmB;AAEnB,yCAAkC;AAClC,uDAAgD;AAEhD,MAAqB,OAAQ,SAAQ,iBAAiE;CAOrG;AAPD,0BAOC;AAED,OAAO,CAAC,IAAI,CAAC;IACX,EAAE,EAAE;QACF,IAAI,EAAE,qBAAS,CAAC,OAAO;QACvB,UAAU,EAAE,IAAI;QAChB,aAAa,EAAE,IAAI;QACnB,SAAS,EAAE,KAAK;KACjB;IACD,MAAM,EAAE;QACN,IAAI,EAAE,qBAAS,CAAC,KAAK;QACrB,SAAS,EAAE,KAAK;KACjB;IACD,WAAW,EAAE;QACX,IAAI,EAAE,qBAAS,CAAC,OAAO;QACvB,SAAS,EAAE,KAAK;KACjB;IACD,IAAI,EAAE;QACJ,IAAI,EAAE,qBAAS,CAAC,OAAO;QACvB,SAAS,EAAE,KAAK;KACjB;IACD,eAAe,EAAE;QACf,IAAI,EAAE,qBAAS,CAAC,OAAO;QACvB,UAAU,EAAE;YACV,KAAK,EAAE,cAAc;YACrB,GAAG,EAAE,IAAI;SACV;KACF;CACF,EAAE;IACD,SAAS,EAAE,UAAE;IACb,SAAS,EAAE,SAAS;IACpB,SAAS,EAAE,SAAS;IACpB,WAAW,EAAE,IAAI;IACjB,UAAU,EAAE,KAAK;CAClB,CAAC,CAAC;AAEH,OAAO,CAAC,aAAa,CAAC,kBAAQ,EAAE,EAAE,OAAO,EAAE,yBAAe,EAAE,UAAU,EAAE,YAAY,EAAE,CAAC,CAAC","sourcesContent":["import { Model, DataTypes, InferAttributes, InferCreationAttributes } from 'sequelize';\nimport db from '.';\n\nimport Exercise from './Exercise';\nimport WorkoutExercise from './WorkoutExercise';\n\nexport default class Workout extends Model<InferAttributes<Workout>, InferCreationAttributes<Workout>> {\n  declare id?: number;\n  declare weight: number;\n  declare repetitions: number;\n  declare sets: number;\n\n  public readonly workoutsheet_id?: number;\n} \n\nWorkout.init({\n  id: {\n    type: DataTypes.INTEGER,\n    primaryKey: true,\n    autoIncrement: true,\n    allowNull: false,\n  },\n  weight: {\n    type: DataTypes.FLOAT,\n    allowNull: false,\n  },\n  repetitions: {\n    type: DataTypes.INTEGER,\n    allowNull: false,\n  },\n  sets: {\n    type: DataTypes.INTEGER,\n    allowNull: false,\n  },\n  workoutsheet_id: {\n    type: DataTypes.INTEGER,\n    references: {\n      model: 'workoutsheet',\n      key: 'id'\n    }\n  },\n}, {\n  sequelize: db,\n  tableName: 'workout',\n  modelName: 'workout',\n  underscored: true,\n  timestamps: false,\n});\n\nWorkout.belongsToMany(Exercise, { through: WorkoutExercise, foreignKey: 'workout_id' });"]},"_coverageSchema":"1a1c01bbd47fc00a2c39e90264f33305004495a9","hash":"1a995d19feb2475e923313e9b7cb2c935e4c8cde"},"/home/dzno23/Documents/ProjetosDev/meu-treino/backend/src/models/Exercise.ts":{"path":"/home/dzno23/Documents/ProjetosDev/meu-treino/backend/src/models/Exercise.ts","statementMap":{"0":{"start":{"line":2,"column":0},"end":{"line":2,"column":62}},"1":{"start":{"line":3,"column":20},"end":{"line":3,"column":40}},"2":{"start":{"line":4,"column":11},"end":{"line":4,"column":23}},"3":{"start":{"line":7,"column":0},"end":{"line":7,"column":27}},"4":{"start":{"line":8,"column":0},"end":{"line":39,"column":3}}},"fnMap":{},"branchMap":{},"s":{"0":1,"1":1,"2":1,"3":1,"4":1},"f":{},"b":{},"inputSourceMap":{"version":3,"file":"/home/dzno23/Documents/ProjetosDev/meu-treino/backend/src/models/Exercise.ts","sources":["/home/dzno23/Documents/ProjetosDev/meu-treino/backend/src/models/Exercise.ts"],"names":[],"mappings":";;AAAA,yCAAqF;AACrF,wBAAmB;AAInB,MAAqB,QAAS,SAAQ,iBAAmE;CAMxG;AAND,2BAMC;AAED,QAAQ,CAAC,IAAI,CAAC;IACZ,EAAE,EAAE;QACF,IAAI,EAAE,qBAAS,CAAC,OAAO;QACvB,UAAU,EAAE,IAAI;QAChB,aAAa,EAAE,IAAI;QACnB,SAAS,EAAE,KAAK;KACjB;IACD,IAAI,EAAE;QACJ,IAAI,EAAE,qBAAS,CAAC,MAAM;QACtB,SAAS,EAAE,KAAK;KACjB;IACD,MAAM,EAAE;QACN,IAAI,EAAE,qBAAS,CAAC,OAAO;QACvB,SAAS,EAAE,KAAK;KACjB;IACD,QAAQ,EAAE;QACR,IAAI,EAAE,qBAAS,CAAC,MAAM;QACtB,SAAS,EAAE,KAAK;QAChB,KAAK,EAAE,WAAW;KACnB;IACD,QAAQ,EAAE;QACR,IAAI,EAAE,qBAAS,CAAC,MAAM;QACtB,SAAS,EAAE,KAAK;QAChB,KAAK,EAAE,WAAW;KACnB;CACF,EAAE;IACD,SAAS,EAAE,UAAE;IACb,SAAS,EAAE,UAAU;IACrB,SAAS,EAAE,UAAU;IACrB,WAAW,EAAE,IAAI;IACjB,UAAU,EAAE,KAAK;CAClB,CAAC,CAAC;AAEH,gGAAgG","sourcesContent":["import {Model, DataTypes, InferAttributes, InferCreationAttributes} from 'sequelize';\nimport db from '.';\n\nimport Workout from './Workout';\n\nexport default class Exercise extends Model<InferAttributes<Exercise>, InferCreationAttributes<Exercise>> {\n  declare id?: number;\n  declare name: string;\n  declare number: number;\n  declare photoUrl: string;\n  declare videoUrl: string;\n}\n\nExercise.init({\n  id: {\n    type: DataTypes.INTEGER,\n    primaryKey: true,\n    autoIncrement: true,\n    allowNull: false,\n  },\n  name: {\n    type: DataTypes.STRING,\n    allowNull: false,\n  },\n  number: {\n    type: DataTypes.INTEGER,\n    allowNull: false,\n  },\n  photoUrl: {\n    type: DataTypes.STRING,\n    allowNull: false,\n    field: 'photo_url',\n  },\n  videoUrl: {\n    type: DataTypes.STRING,\n    allowNull: false,\n    field: 'video_url',\n  },\n}, {\n  sequelize: db,\n  tableName: 'exercise',\n  modelName: 'exercise',\n  underscored: true,\n  timestamps: false,\n});\n\n// Exercise.belongsToMany(Workout, { through: 'workout_exercises', foreignKey: 'exercise_id' });\n"]},"_coverageSchema":"1a1c01bbd47fc00a2c39e90264f33305004495a9","hash":"6040a5275949705c7fc5237222c2fecbc2c73236"},"/home/dzno23/Documents/ProjetosDev/meu-treino/backend/src/models/WorkoutExercise.ts":{"path":"/home/dzno23/Documents/ProjetosDev/meu-treino/backend/src/models/WorkoutExercise.ts","statementMap":{"0":{"start":{"line":2,"column":0},"end":{"line":2,"column":62}},"1":{"start":{"line":3,"column":20},"end":{"line":3,"column":40}},"2":{"start":{"line":4,"column":11},"end":{"line":4,"column":23}},"3":{"start":{"line":7,"column":0},"end":{"line":7,"column":34}},"4":{"start":{"line":8,"column":0},"end":{"line":41,"column":3}}},"fnMap":{},"branchMap":{},"s":{"0":1,"1":1,"2":1,"3":1,"4":1},"f":{},"b":{},"inputSourceMap":{"version":3,"file":"/home/dzno23/Documents/ProjetosDev/meu-treino/backend/src/models/WorkoutExercise.ts","sources":["/home/dzno23/Documents/ProjetosDev/meu-treino/backend/src/models/WorkoutExercise.ts"],"names":[],"mappings":";;AAAA,yCAAuF;AACvF,wBAAmB;AAMnB,MAAqB,eAAgB,SAAQ,iBAAiF;CAM7H;AAND,kCAMC;AAED,eAAe,CAAC,IAAI,CAAC;IACnB,EAAE,EAAE;QACF,IAAI,EAAE,qBAAS,CAAC,OAAO;QACvB,UAAU,EAAE,IAAI;QAChB,aAAa,EAAE,IAAI;QACnB,SAAS,EAAE,KAAK;KACjB;IACD,SAAS,EAAE;QACT,IAAI,EAAE,qBAAS,CAAC,OAAO;QACvB,SAAS,EAAE,KAAK;QAChB,UAAU,EAAE;YACV,KAAK,EAAE,SAAS;YAChB,GAAG,EAAE,IAAI;SACV;QACD,QAAQ,EAAE,SAAS;QACnB,QAAQ,EAAE,SAAS;KACpB;IACD,UAAU,EAAE;QACV,IAAI,EAAE,qBAAS,CAAC,OAAO;QACvB,SAAS,EAAE,KAAK;QAChB,UAAU,EAAE;YACV,KAAK,EAAE,UAAU;YACjB,GAAG,EAAE,IAAI;SACV;QACD,QAAQ,EAAE,SAAS;QACnB,QAAQ,EAAE,SAAS;KACpB;CACF,EAAE;IACD,SAAS,EAAE,UAAE;IACb,SAAS,EAAE,mBAAmB;IAC9B,SAAS,EAAE,kBAAkB;IAC7B,WAAW,EAAE,IAAI;IACjB,UAAU,EAAE,KAAK;CAClB,CAAC,CAAC;AAEH,2FAA2F;AAC3F,4FAA4F;AAE5F,oEAAoE;AACpE,sEAAsE","sourcesContent":["import { Model, DataTypes, InferAttributes, InferCreationAttributes } from 'sequelize';\nimport db from '.';\n\nimport Workoutsheet from './Workoutsheet';\nimport Workout from './Workout';\nimport Exercise from './Exercise';\n\nexport default class WorkoutExercise extends Model<InferAttributes<WorkoutExercise>, InferCreationAttributes<WorkoutExercise>> {\n  declare id?: number;\n  declare workoutId: number;\n  declare exerciseId: number;\n\n  public readonly workoutsheet_id?: Workoutsheet;\n} \n\nWorkoutExercise.init({\n  id: {\n    type: DataTypes.INTEGER,\n    primaryKey: true,\n    autoIncrement: true,\n    allowNull: false,\n  },\n  workoutId: {\n    type: DataTypes.INTEGER,\n    allowNull: false,\n    references: {\n      model: 'workout',\n      key: 'id',\n    },\n    onUpdate: 'CASCADE',\n    onDelete: 'CASCADE',\n  },\n  exerciseId: {\n    type: DataTypes.INTEGER,\n    allowNull: false,\n    references: {\n      model: 'exercise',\n      key: 'id',\n    },\n    onUpdate: 'CASCADE',\n    onDelete: 'CASCADE',\n  },\n}, {\n  sequelize: db,\n  modelName: 'workout_exercises',\n  tableName: 'workout_exercise',\n  underscored: true,\n  timestamps: false,\n});\n\n// Workout.belongsToMany(Exercise, { through: WorkoutExercise, foreignKey: 'workout_id' });\n// Exercise.belongsToMany(Workout, { through: WorkoutExercise, foreignKey: 'exercise_id' });\n\n// WorkoutExercise.belongsTo(Workout, { foreignKey: 'workout_id' });\n// WorkoutExercise.belongsTo(Exercise, { foreignKey: 'exercise_id' });\n\n"]},"_coverageSchema":"1a1c01bbd47fc00a2c39e90264f33305004495a9","hash":"be7f050c010a0fcc66d264e5fd29b67a0119e029"},"/home/dzno23/Documents/ProjetosDev/meu-treino/backend/src/models/Address.ts":{"path":"/home/dzno23/Documents/ProjetosDev/meu-treino/backend/src/models/Address.ts","statementMap":{"0":{"start":{"line":2,"column":0},"end":{"line":2,"column":62}},"1":{"start":{"line":3,"column":20},"end":{"line":3,"column":40}},"2":{"start":{"line":4,"column":11},"end":{"line":4,"column":23}},"3":{"start":{"line":7,"column":0},"end":{"line":7,"column":26}},"4":{"start":{"line":8,"column":0},"end":{"line":53,"column":3}}},"fnMap":{},"branchMap":{},"s":{"0":1,"1":1,"2":1,"3":1,"4":1},"f":{},"b":{},"inputSourceMap":{"version":3,"file":"/home/dzno23/Documents/ProjetosDev/meu-treino/backend/src/models/Address.ts","sources":["/home/dzno23/Documents/ProjetosDev/meu-treino/backend/src/models/Address.ts"],"names":[],"mappings":";;AAAA,yCAAuF;AACvF,wBAAmB;AAKnB,MAAqB,OAAQ,SAAQ,iBAAiE;CAUrG;AAVD,0BAUC;AAED,OAAO,CAAC,IAAI,CAAC;IACX,EAAE,EAAE;QACF,IAAI,EAAE,qBAAS,CAAC,OAAO;QACvB,UAAU,EAAE,IAAI;QAChB,aAAa,EAAE,IAAI;QACnB,SAAS,EAAE,KAAK;KACjB;IACD,MAAM,EAAE;QACN,IAAI,EAAE,qBAAS,CAAC,MAAM;QACtB,SAAS,EAAE,KAAK;KACjB;IACD,MAAM,EAAE;QACN,IAAI,EAAE,qBAAS,CAAC,OAAO;QACvB,SAAS,EAAE,KAAK;KACjB;IACD,UAAU,EAAE;QACV,IAAI,EAAE,qBAAS,CAAC,MAAM;QACtB,SAAS,EAAE,IAAI;KAChB;IACD,YAAY,EAAE;QACZ,IAAI,EAAE,qBAAS,CAAC,MAAM;QACtB,SAAS,EAAE,KAAK;KACjB;IACD,IAAI,EAAE;QACJ,IAAI,EAAE,qBAAS,CAAC,MAAM;QACtB,SAAS,EAAE,KAAK;KACjB;IACD,KAAK,EAAE;QACL,IAAI,EAAE,qBAAS,CAAC,MAAM;QACtB,SAAS,EAAE,KAAK;KACjB;IACD,OAAO,EAAE;QACP,IAAI,EAAE,qBAAS,CAAC,MAAM;QACtB,SAAS,EAAE,KAAK;KACjB;IACD,QAAQ,EAAE;QACR,IAAI,EAAE,qBAAS,CAAC,MAAM;QACtB,SAAS,EAAE,KAAK;KACjB;CACF,EAAE;IACD,SAAS,EAAE,UAAE;IACb,SAAS,EAAE,SAAS;IACpB,SAAS,EAAE,SAAS;IACpB,WAAW,EAAE,IAAI;IACjB,UAAU,EAAE,KAAK;CAClB,CAAC,CAAC","sourcesContent":["import { Model, DataTypes, InferAttributes, InferCreationAttributes } from 'sequelize';\nimport db from '.';\n\nimport Customer from './Customer';\nimport GymUnit from './GymUnit';\n\nexport default class Address extends Model<InferAttributes<Address>, InferCreationAttributes<Address>> {\n  declare id?: number;\n  declare street: string;\n  declare number: number;\n  declare complement: string;\n  declare neighborhood: string;\n  declare city: string;\n  declare state: string;\n  declare country: string;\n  declare zip_code: string;\n}\n\nAddress.init({\n  id: {\n    type: DataTypes.INTEGER,\n    primaryKey: true,\n    autoIncrement: true,\n    allowNull: false,\n  },\n  street: {\n    type: DataTypes.STRING,\n    allowNull: false,\n  },\n  number: {\n    type: DataTypes.INTEGER,\n    allowNull: false,\n  },\n  complement: {\n    type: DataTypes.STRING,\n    allowNull: true,\n  },\n  neighborhood: {\n    type: DataTypes.STRING,\n    allowNull: false,\n  },\n  city: {\n    type: DataTypes.STRING,\n    allowNull: false,\n  },\n  state: {\n    type: DataTypes.STRING,\n    allowNull: false,\n  },\n  country: {\n    type: DataTypes.STRING,\n    allowNull: false,\n  },\n  zip_code: {\n    type: DataTypes.STRING,\n    allowNull: false,\n  },\n}, {\n  sequelize: db,\n  modelName: 'address',\n  tableName: 'address',\n  underscored: true,\n  timestamps: false,\n});\n\n\n"]},"_coverageSchema":"1a1c01bbd47fc00a2c39e90264f33305004495a9","hash":"dac69355bd4c4ea515b093c1165ad9975cb05d29"},"/home/dzno23/Documents/ProjetosDev/meu-treino/backend/src/controllers/address.controller.ts":{"path":"/home/dzno23/Documents/ProjetosDev/meu-treino/backend/src/controllers/address.controller.ts","statementMap":{"0":{"start":{"line":2,"column":17},"end":{"line":7,"column":1}},"1":{"start":{"line":3,"column":12},"end":{"line":3,"column":28}},"2":{"start":{"line":3,"column":34},"end":{"line":3,"column":125}},"3":{"start":{"line":4,"column":4},"end":{"line":5,"column":150}},"4":{"start":{"line":4,"column":79},"end":{"line":4,"column":131}},"5":{"start":{"line":5,"column":9},"end":{"line":5,"column":150}},"6":{"start":{"line":5,"column":22},"end":{"line":5,"column":43}},"7":{"start":{"line":5,"column":58},"end":{"line":5,"column":150}},"8":{"start":{"line":5,"column":81},"end":{"line":5,"column":150}},"9":{"start":{"line":6,"column":4},"end":{"line":6,"column":66}},"10":{"start":{"line":8,"column":17},"end":{"line":10,"column":1}},"11":{"start":{"line":9,"column":4},"end":{"line":9,"column":109}},"12":{"start":{"line":9,"column":79},"end":{"line":9,"column":109}},"13":{"start":{"line":11,"column":14},"end":{"line":13,"column":1}},"14":{"start":{"line":12,"column":4},"end":{"line":12,"column":73}},"15":{"start":{"line":12,"column":36},"end":{"line":12,"column":71}},"16":{"start":{"line":14,"column":0},"end":{"line":14,"column":62}},"17":{"start":{"line":15,"column":0},"end":{"line":15,"column":28}},"18":{"start":{"line":16,"column":19},"end":{"line":16,"column":38}},"19":{"start":{"line":17,"column":26},"end":{"line":17,"column":64}},"20":{"start":{"line":18,"column":24},"end":{"line":53,"column":1}},"21":{"start":{"line":20,"column":8},"end":{"line":20,"column":45}},"22":{"start":{"line":21,"column":8},"end":{"line":24,"column":10}},"23":{"start":{"line":22,"column":29},"end":{"line":22,"column":63}},"24":{"start":{"line":23,"column":12},"end":{"line":23,"column":68}},"25":{"start":{"line":25,"column":8},"end":{"line":29,"column":10}},"26":{"start":{"line":26,"column":23},"end":{"line":26,"column":46}},"27":{"start":{"line":27,"column":29},"end":{"line":27,"column":66}},"28":{"start":{"line":28,"column":12},"end":{"line":28,"column":68}},"29":{"start":{"line":30,"column":8},"end":{"line":34,"column":10}},"30":{"start":{"line":31,"column":28},"end":{"line":31,"column":36}},"31":{"start":{"line":32,"column":29},"end":{"line":32,"column":68}},"32":{"start":{"line":33,"column":12},"end":{"line":33,"column":68}},"33":{"start":{"line":35,"column":8},"end":{"line":40,"column":10}},"34":{"start":{"line":36,"column":23},"end":{"line":36,"column":46}},"35":{"start":{"line":37,"column":28},"end":{"line":37,"column":36}},"36":{"start":{"line":38,"column":29},"end":{"line":38,"column":71}},"37":{"start":{"line":39,"column":12},"end":{"line":39,"column":68}},"38":{"start":{"line":41,"column":8},"end":{"line":45,"column":10}},"39":{"start":{"line":42,"column":23},"end":{"line":42,"column":46}},"40":{"start":{"line":43,"column":29},"end":{"line":43,"column":65}},"41":{"start":{"line":44,"column":12},"end":{"line":44,"column":68}},"42":{"start":{"line":46,"column":8},"end":{"line":51,"column":10}},"43":{"start":{"line":47,"column":23},"end":{"line":47,"column":46}},"44":{"start":{"line":48,"column":28},"end":{"line":48,"column":36}},"45":{"start":{"line":49,"column":29},"end":{"line":49,"column":73}},"46":{"start":{"line":50,"column":12},"end":{"line":50,"column":68}},"47":{"start":{"line":54,"column":0},"end":{"line":58,"column":22}},"48":{"start":{"line":59,"column":0},"end":{"line":59,"column":36}}},"fnMap":{"0":{"name":"(anonymous_0)","decl":{"start":{"line":2,"column":46},"end":{"line":2,"column":47}},"loc":{"start":{"line":2,"column":87},"end":{"line":7,"column":1}},"line":2},"1":{"name":"(anonymous_1)","decl":{"start":{"line":8,"column":46},"end":{"line":8,"column":47}},"loc":{"start":{"line":8,"column":62},"end":{"line":10,"column":1}},"line":8},"2":{"name":"(anonymous_2)","decl":{"start":{"line":11,"column":40},"end":{"line":11,"column":41}},"loc":{"start":{"line":11,"column":73},"end":{"line":13,"column":1}},"line":11},"3":{"name":"(anonymous_3)","decl":{"start":{"line":12,"column":11},"end":{"line":12,"column":12}},"loc":{"start":{"line":12,"column":34},"end":{"line":12,"column":73}},"line":12},"4":{"name":"(anonymous_4)","decl":{"start":{"line":19,"column":4},"end":{"line":19,"column":5}},"loc":{"start":{"line":19,"column":32},"end":{"line":52,"column":5}},"line":19},"5":{"name":"(anonymous_5)","decl":{"start":{"line":21,"column":22},"end":{"line":21,"column":23}},"loc":{"start":{"line":21,"column":42},"end":{"line":24,"column":9}},"line":21},"6":{"name":"(anonymous_6)","decl":{"start":{"line":25,"column":23},"end":{"line":25,"column":24}},"loc":{"start":{"line":25,"column":43},"end":{"line":29,"column":9}},"line":25},"7":{"name":"(anonymous_7)","decl":{"start":{"line":30,"column":20},"end":{"line":30,"column":21}},"loc":{"start":{"line":30,"column":40},"end":{"line":34,"column":9}},"line":30},"8":{"name":"(anonymous_8)","decl":{"start":{"line":35,"column":19},"end":{"line":35,"column":20}},"loc":{"start":{"line":35,"column":39},"end":{"line":40,"column":9}},"line":35},"9":{"name":"(anonymous_9)","decl":{"start":{"line":41,"column":22},"end":{"line":41,"column":23}},"loc":{"start":{"line":41,"column":42},"end":{"line":45,"column":9}},"line":41},"10":{"name":"(anonymous_10)","decl":{"start":{"line":46,"column":21},"end":{"line":46,"column":22}},"loc":{"start":{"line":46,"column":41},"end":{"line":51,"column":9}},"line":46}},"branchMap":{"0":{"loc":{"start":{"line":2,"column":17},"end":{"line":7,"column":1}},"type":"binary-expr","locations":[{"start":{"line":2,"column":18},"end":{"line":2,"column":22}},{"start":{"line":2,"column":26},"end":{"line":2,"column":41}},{"start":{"line":2,"column":46},"end":{"line":7,"column":1}}],"line":2},"1":{"loc":{"start":{"line":3,"column":34},"end":{"line":3,"column":125}},"type":"cond-expr","locations":[{"start":{"line":3,"column":42},"end":{"line":3,"column":48}},{"start":{"line":3,"column":51},"end":{"line":3,"column":125}}],"line":3},"2":{"loc":{"start":{"line":3,"column":51},"end":{"line":3,"column":125}},"type":"cond-expr","locations":[{"start":{"line":3,"column":67},"end":{"line":3,"column":118}},{"start":{"line":3,"column":121},"end":{"line":3,"column":125}}],"line":3},"3":{"loc":{"start":{"line":4,"column":4},"end":{"line":5,"column":150}},"type":"if","locations":[{"start":{"line":4,"column":4},"end":{"line":5,"column":150}},{"start":{"line":4,"column":4},"end":{"line":5,"column":150}}],"line":4},"4":{"loc":{"start":{"line":4,"column":8},"end":{"line":4,"column":77}},"type":"binary-expr","locations":[{"start":{"line":4,"column":8},"end":{"line":4,"column":35}},{"start":{"line":4,"column":39},"end":{"line":4,"column":77}}],"line":4},"5":{"loc":{"start":{"line":5,"column":58},"end":{"line":5,"column":150}},"type":"if","locations":[{"start":{"line":5,"column":58},"end":{"line":5,"column":150}},{"start":{"line":5,"column":58},"end":{"line":5,"column":150}}],"line":5},"6":{"loc":{"start":{"line":5,"column":85},"end":{"line":5,"column":149}},"type":"binary-expr","locations":[{"start":{"line":5,"column":86},"end":{"line":5,"column":143}},{"start":{"line":5,"column":148},"end":{"line":5,"column":149}}],"line":5},"7":{"loc":{"start":{"line":5,"column":86},"end":{"line":5,"column":143}},"type":"cond-expr","locations":[{"start":{"line":5,"column":94},"end":{"line":5,"column":98}},{"start":{"line":5,"column":101},"end":{"line":5,"column":143}}],"line":5},"8":{"loc":{"start":{"line":5,"column":101},"end":{"line":5,"column":143}},"type":"cond-expr","locations":[{"start":{"line":5,"column":109},"end":{"line":5,"column":126}},{"start":{"line":5,"column":129},"end":{"line":5,"column":143}}],"line":5},"9":{"loc":{"start":{"line":6,"column":11},"end":{"line":6,"column":62}},"type":"binary-expr","locations":[{"start":{"line":6,"column":11},"end":{"line":6,"column":16}},{"start":{"line":6,"column":20},"end":{"line":6,"column":21}},{"start":{"line":6,"column":25},"end":{"line":6,"column":62}}],"line":6},"10":{"loc":{"start":{"line":8,"column":17},"end":{"line":10,"column":1}},"type":"binary-expr","locations":[{"start":{"line":8,"column":18},"end":{"line":8,"column":22}},{"start":{"line":8,"column":26},"end":{"line":8,"column":41}},{"start":{"line":8,"column":46},"end":{"line":10,"column":1}}],"line":8},"11":{"loc":{"start":{"line":9,"column":4},"end":{"line":9,"column":109}},"type":"if","locations":[{"start":{"line":9,"column":4},"end":{"line":9,"column":109}},{"start":{"line":9,"column":4},"end":{"line":9,"column":109}}],"line":9},"12":{"loc":{"start":{"line":9,"column":8},"end":{"line":9,"column":77}},"type":"binary-expr","locations":[{"start":{"line":9,"column":8},"end":{"line":9,"column":35}},{"start":{"line":9,"column":39},"end":{"line":9,"column":77}}],"line":9},"13":{"loc":{"start":{"line":11,"column":14},"end":{"line":13,"column":1}},"type":"binary-expr","locations":[{"start":{"line":11,"column":15},"end":{"line":11,"column":19}},{"start":{"line":11,"column":23},"end":{"line":11,"column":35}},{"start":{"line":11,"column":40},"end":{"line":13,"column":1}}],"line":11}},"s":{"0":1,"1":1,"2":1,"3":1,"4":1,"5":0,"6":0,"7":0,"8":0,"9":1,"10":1,"11":1,"12":1,"13":1,"14":1,"15":1,"16":1,"17":1,"18":1,"19":1,"20":1,"21":0,"22":0,"23":0,"24":0,"25":0,"26":0,"27":0,"28":0,"29":0,"30":0,"31":0,"32":0,"33":0,"34":0,"35":0,"36":0,"37":0,"38":0,"39":0,"40":0,"41":0,"42":0,"43":0,"44":0,"45":0,"46":0,"47":1,"48":1},"f":{"0":1,"1":1,"2":1,"3":1,"4":0,"5":0,"6":0,"7":0,"8":0,"9":0,"10":0},"b":{"0":[1,1,1],"1":[1,0],"2":[0,0],"3":[1,0],"4":[1,1],"5":[0,0],"6":[0,0],"7":[0,0],"8":[0,0],"9":[1,0,0],"10":[1,1,1],"11":[1,0],"12":[1,1],"13":[1,1,1]},"inputSourceMap":{"version":3,"file":"/home/dzno23/Documents/ProjetosDev/meu-treino/backend/src/controllers/address.controller.ts","sources":["/home/dzno23/Documents/ProjetosDev/meu-treino/backend/src/controllers/address.controller.ts"],"names":[],"mappings":";;;;;;;;;;;;;;AAAA,4BAA0B;AAC1B,uCAA8C;AAG9C,iEAAyD;AAGzD,IAAqB,iBAAiB,GAAtC,MAAqB,iBAAiB;IAEpC,YACoC,cAA8B;QAA9B,mBAAc,GAAd,cAAc,CAAgB;QAG3D,WAAM,GAAG,KAAK,EAAE,GAAY,EAAE,GAAa,EAAE,EAAE;YACpD,MAAM,QAAQ,GAAG,MAAM,IAAI,CAAC,cAAc,CAAC,MAAM,EAAE,CAAC;YAEpD,OAAO,GAAG,CAAC,MAAM,CAAC,QAAQ,CAAC,IAAI,CAAC,CAAC,IAAI,CAAC,QAAQ,CAAC,OAAO,CAAC,CAAC;QAC1D,CAAC,CAAC;QAEK,YAAO,GAAG,KAAK,EAAE,GAAY,EAAE,GAAa,EAAE,EAAE;YACrD,MAAM,EAAE,GAAG,QAAQ,CAAC,GAAG,CAAC,MAAM,CAAC,EAAE,CAAC,CAAC;YACnC,MAAM,QAAQ,GAAG,MAAM,IAAI,CAAC,cAAc,CAAC,OAAO,CAAC,EAAE,CAAC,CAAC;YAEvD,OAAO,GAAG,CAAC,MAAM,CAAC,QAAQ,CAAC,IAAI,CAAC,CAAC,IAAI,CAAC,QAAQ,CAAC,OAAO,CAAC,CAAC;QAC1D,CAAC,CAAC;QAEK,SAAI,GAAG,KAAK,EAAE,GAAY,EAAE,GAAa,EAAE,EAAE;YAClD,MAAM,OAAO,GAAG,GAAG,CAAC,IAAI,CAAC;YACzB,MAAM,QAAQ,GAAG,MAAM,IAAI,CAAC,cAAc,CAAC,IAAI,CAAC,OAAO,CAAC,CAAC;YAEzD,OAAO,GAAG,CAAC,MAAM,CAAC,QAAQ,CAAC,IAAI,CAAC,CAAC,IAAI,CAAC,QAAQ,CAAC,OAAO,CAAC,CAAC;QAC1D,CAAC,CAAC;QAEK,QAAG,GAAG,KAAK,EAAE,GAAY,EAAE,GAAa,EAAE,EAAE;YACjD,MAAM,EAAE,GAAG,QAAQ,CAAC,GAAG,CAAC,MAAM,CAAC,EAAE,CAAC,CAAC;YACnC,MAAM,OAAO,GAAG,GAAG,CAAC,IAAI,CAAC;YACzB,MAAM,QAAQ,GAAG,MAAM,IAAI,CAAC,cAAc,CAAC,GAAG,CAAC,EAAE,EAAE,OAAO,CAAC,CAAC;YAE5D,OAAO,GAAG,CAAC,MAAM,CAAC,QAAQ,CAAC,IAAI,CAAC,CAAC,IAAI,CAAC,QAAQ,CAAC,OAAO,CAAC,CAAC;QAC1D,CAAC,CAAC;QAEK,WAAM,GAAG,KAAK,EAAE,GAAY,EAAE,GAAa,EAAE,EAAE;YACpD,MAAM,EAAE,GAAG,QAAQ,CAAC,GAAG,CAAC,MAAM,CAAC,EAAE,CAAC,CAAC;YACnC,MAAM,QAAQ,GAAG,MAAM,IAAI,CAAC,cAAc,CAAC,MAAM,CAAC,EAAE,CAAC,CAAC;YAEtD,OAAO,GAAG,CAAC,MAAM,CAAC,QAAQ,CAAC,IAAI,CAAC,CAAC,IAAI,CAAC,QAAQ,CAAC,OAAO,CAAC,CAAC;QAC1D,CAAC,CAAC;QAEK,UAAK,GAAG,KAAK,EAAE,GAAY,EAAE,GAAa,EAAE,EAAE;YACnD,MAAM,EAAE,GAAG,QAAQ,CAAC,GAAG,CAAC,MAAM,CAAC,EAAE,CAAC,CAAC;YACnC,MAAM,OAAO,GAAG,GAAG,CAAC,IAAI,CAAC;YACzB,MAAM,QAAQ,GAAG,MAAM,IAAI,CAAC,cAAc,CAAC,KAAK,CAAC,EAAE,EAAE,OAAO,CAAC,CAAC;YAE9D,OAAO,GAAG,CAAC,MAAM,CAAC,QAAQ,CAAC,IAAI,CAAC,CAAC,IAAI,CAAC,QAAQ,CAAC,OAAO,CAAC,CAAC;QAC1D,CAAC,CAAC;IA3CC,CAAC;CA4CL,CAAA;AAhDoB,iBAAiB;IADrC,IAAA,qBAAU,GAAE;IAIR,WAAA,IAAA,iBAAM,EAAC,gBAAgB,CAAC,CAAA;qCAAyB,yBAAc;GAH/C,iBAAiB,CAgDrC;kBAhDoB,iBAAiB","sourcesContent":["import 'reflect-metadata';\nimport { inject, injectable } from 'tsyringe';\nimport { Request, Response } from 'express';\n\nimport AddressService from '../services/address.service';\n\n@injectable()\nexport default class AddressController {\n\n  constructor(\n    @inject('AddressService') private addressService: AddressService\n  ) {}\n\n  public getAll = async (req: Request, res: Response) => {\n    const response = await this.addressService.getAll();\n\n    return res.status(response.type).json(response.message);\n  };\n\n  public getById = async (req: Request, res: Response) => {\n    const id = parseInt(req.params.id);\n    const response = await this.addressService.getById(id);\n\n    return res.status(response.type).json(response.message);\n  };\n\n  public post = async (req: Request, res: Response) => {\n    const address = req.body;\n    const response = await this.addressService.post(address);\n\n    return res.status(response.type).json(response.message);\n  };\n\n  public put = async (req: Request, res: Response) => {\n    const id = parseInt(req.params.id);\n    const address = req.body;\n    const response = await this.addressService.put(id, address);\n\n    return res.status(response.type).json(response.message);\n  };\n\n  public delete = async (req: Request, res: Response) => {\n    const id = parseInt(req.params.id);\n    const response = await this.addressService.delete(id);\n\n    return res.status(response.type).json(response.message);\n  };\n\n  public patch = async (req: Request, res: Response) => {\n    const id = parseInt(req.params.id);\n    const address = req.body;\n    const response = await this.addressService.patch(id, address);\n\n    return res.status(response.type).json(response.message);\n  };\n}"]},"_coverageSchema":"1a1c01bbd47fc00a2c39e90264f33305004495a9","hash":"dd465d17053458dd221385dab284bbfdf6cbf00e"},"/home/dzno23/Documents/ProjetosDev/meu-treino/backend/src/services/address.service.ts":{"path":"/home/dzno23/Documents/ProjetosDev/meu-treino/backend/src/services/address.service.ts","statementMap":{"0":{"start":{"line":2,"column":17},"end":{"line":7,"column":1}},"1":{"start":{"line":3,"column":12},"end":{"line":3,"column":28}},"2":{"start":{"line":3,"column":34},"end":{"line":3,"column":125}},"3":{"start":{"line":4,"column":4},"end":{"line":5,"column":150}},"4":{"start":{"line":4,"column":79},"end":{"line":4,"column":131}},"5":{"start":{"line":5,"column":9},"end":{"line":5,"column":150}},"6":{"start":{"line":5,"column":22},"end":{"line":5,"column":43}},"7":{"start":{"line":5,"column":58},"end":{"line":5,"column":150}},"8":{"start":{"line":5,"column":81},"end":{"line":5,"column":150}},"9":{"start":{"line":6,"column":4},"end":{"line":6,"column":66}},"10":{"start":{"line":8,"column":0},"end":{"line":8,"column":62}},"11":{"start":{"line":9,"column":0},"end":{"line":9,"column":28}},"12":{"start":{"line":10,"column":18},"end":{"line":10,"column":46}},"13":{"start":{"line":11,"column":19},"end":{"line":11,"column":38}},"14":{"start":{"line":12,"column":21},"end":{"line":84,"column":1}},"15":{"start":{"line":14,"column":8},"end":{"line":22,"column":10}},"16":{"start":{"line":15,"column":12},"end":{"line":21,"column":13}},"17":{"start":{"line":16,"column":37},"end":{"line":16,"column":70}},"18":{"start":{"line":17,"column":16},"end":{"line":17,"column":60}},"19":{"start":{"line":20,"column":16},"end":{"line":20,"column":59}},"20":{"start":{"line":23,"column":8},"end":{"line":34,"column":10}},"21":{"start":{"line":24,"column":12},"end":{"line":33,"column":13}},"22":{"start":{"line":25,"column":32},"end":{"line":25,"column":68}},"23":{"start":{"line":26,"column":16},"end":{"line":28,"column":17}},"24":{"start":{"line":27,"column":20},"end":{"line":27,"column":72}},"25":{"start":{"line":29,"column":16},"end":{"line":29,"column":55}},"26":{"start":{"line":32,"column":16},"end":{"line":32,"column":59}},"27":{"start":{"line":35,"column":8},"end":{"line":43,"column":10}},"28":{"start":{"line":36,"column":12},"end":{"line":42,"column":13}},"29":{"start":{"line":37,"column":35},"end":{"line":37,"column":74}},"30":{"start":{"line":38,"column":16},"end":{"line":38,"column":58}},"31":{"start":{"line":41,"column":16},"end":{"line":41,"column":59}},"32":{"start":{"line":44,"column":8},"end":{"line":56,"column":10}},"33":{"start":{"line":45,"column":12},"end":{"line":55,"column":13}},"34":{"start":{"line":46,"column":40},"end":{"line":46,"column":76}},"35":{"start":{"line":47,"column":16},"end":{"line":49,"column":17}},"36":{"start":{"line":48,"column":20},"end":{"line":48,"column":72}},"37":{"start":{"line":50,"column":16},"end":{"line":50,"column":54}},"38":{"start":{"line":51,"column":16},"end":{"line":51,"column":63}},"39":{"start":{"line":54,"column":16},"end":{"line":54,"column":59}},"40":{"start":{"line":57,"column":8},"end":{"line":69,"column":10}},"41":{"start":{"line":58,"column":12},"end":{"line":68,"column":13}},"42":{"start":{"line":59,"column":32},"end":{"line":59,"column":68}},"43":{"start":{"line":60,"column":16},"end":{"line":62,"column":17}},"44":{"start":{"line":61,"column":20},"end":{"line":61,"column":72}},"45":{"start":{"line":63,"column":16},"end":{"line":63,"column":40}},"46":{"start":{"line":64,"column":16},"end":{"line":64,"column":66}},"47":{"start":{"line":67,"column":16},"end":{"line":67,"column":59}},"48":{"start":{"line":70,"column":8},"end":{"line":82,"column":10}},"49":{"start":{"line":71,"column":12},"end":{"line":81,"column":13}},"50":{"start":{"line":72,"column":32},"end":{"line":72,"column":68}},"51":{"start":{"line":73,"column":16},"end":{"line":75,"column":17}},"52":{"start":{"line":74,"column":20},"end":{"line":74,"column":72}},"53":{"start":{"line":76,"column":16},"end":{"line":76,"column":46}},"54":{"start":{"line":77,"column":16},"end":{"line":77,"column":55}},"55":{"start":{"line":80,"column":16},"end":{"line":80,"column":59}},"56":{"start":{"line":85,"column":0},"end":{"line":87,"column":19}},"57":{"start":{"line":88,"column":0},"end":{"line":88,"column":33}}},"fnMap":{"0":{"name":"(anonymous_0)","decl":{"start":{"line":2,"column":46},"end":{"line":2,"column":47}},"loc":{"start":{"line":2,"column":87},"end":{"line":7,"column":1}},"line":2},"1":{"name":"(anonymous_1)","decl":{"start":{"line":13,"column":4},"end":{"line":13,"column":5}},"loc":{"start":{"line":13,"column":18},"end":{"line":83,"column":5}},"line":13},"2":{"name":"(anonymous_2)","decl":{"start":{"line":14,"column":22},"end":{"line":14,"column":23}},"loc":{"start":{"line":14,"column":34},"end":{"line":22,"column":9}},"line":14},"3":{"name":"(anonymous_3)","decl":{"start":{"line":23,"column":23},"end":{"line":23,"column":24}},"loc":{"start":{"line":23,"column":37},"end":{"line":34,"column":9}},"line":23},"4":{"name":"(anonymous_4)","decl":{"start":{"line":35,"column":20},"end":{"line":35,"column":21}},"loc":{"start":{"line":35,"column":39},"end":{"line":43,"column":9}},"line":35},"5":{"name":"(anonymous_5)","decl":{"start":{"line":44,"column":19},"end":{"line":44,"column":20}},"loc":{"start":{"line":44,"column":42},"end":{"line":56,"column":9}},"line":44},"6":{"name":"(anonymous_6)","decl":{"start":{"line":57,"column":22},"end":{"line":57,"column":23}},"loc":{"start":{"line":57,"column":36},"end":{"line":69,"column":9}},"line":57},"7":{"name":"(anonymous_7)","decl":{"start":{"line":70,"column":21},"end":{"line":70,"column":22}},"loc":{"start":{"line":70,"column":44},"end":{"line":82,"column":9}},"line":70}},"branchMap":{"0":{"loc":{"start":{"line":2,"column":17},"end":{"line":7,"column":1}},"type":"binary-expr","locations":[{"start":{"line":2,"column":18},"end":{"line":2,"column":22}},{"start":{"line":2,"column":26},"end":{"line":2,"column":41}},{"start":{"line":2,"column":46},"end":{"line":7,"column":1}}],"line":2},"1":{"loc":{"start":{"line":3,"column":34},"end":{"line":3,"column":125}},"type":"cond-expr","locations":[{"start":{"line":3,"column":42},"end":{"line":3,"column":48}},{"start":{"line":3,"column":51},"end":{"line":3,"column":125}}],"line":3},"2":{"loc":{"start":{"line":3,"column":51},"end":{"line":3,"column":125}},"type":"cond-expr","locations":[{"start":{"line":3,"column":67},"end":{"line":3,"column":118}},{"start":{"line":3,"column":121},"end":{"line":3,"column":125}}],"line":3},"3":{"loc":{"start":{"line":4,"column":4},"end":{"line":5,"column":150}},"type":"if","locations":[{"start":{"line":4,"column":4},"end":{"line":5,"column":150}},{"start":{"line":4,"column":4},"end":{"line":5,"column":150}}],"line":4},"4":{"loc":{"start":{"line":4,"column":8},"end":{"line":4,"column":77}},"type":"binary-expr","locations":[{"start":{"line":4,"column":8},"end":{"line":4,"column":35}},{"start":{"line":4,"column":39},"end":{"line":4,"column":77}}],"line":4},"5":{"loc":{"start":{"line":5,"column":58},"end":{"line":5,"column":150}},"type":"if","locations":[{"start":{"line":5,"column":58},"end":{"line":5,"column":150}},{"start":{"line":5,"column":58},"end":{"line":5,"column":150}}],"line":5},"6":{"loc":{"start":{"line":5,"column":85},"end":{"line":5,"column":149}},"type":"binary-expr","locations":[{"start":{"line":5,"column":86},"end":{"line":5,"column":143}},{"start":{"line":5,"column":148},"end":{"line":5,"column":149}}],"line":5},"7":{"loc":{"start":{"line":5,"column":86},"end":{"line":5,"column":143}},"type":"cond-expr","locations":[{"start":{"line":5,"column":94},"end":{"line":5,"column":98}},{"start":{"line":5,"column":101},"end":{"line":5,"column":143}}],"line":5},"8":{"loc":{"start":{"line":5,"column":101},"end":{"line":5,"column":143}},"type":"cond-expr","locations":[{"start":{"line":5,"column":109},"end":{"line":5,"column":126}},{"start":{"line":5,"column":129},"end":{"line":5,"column":143}}],"line":5},"9":{"loc
[...]
,CAAC,IAAI,CAAC;gBACrC,MAAM,EAAE,IAAI,EAAE,OAAO,EAAE,GAAG,MAAM,IAAI,CAAC,mBAAmB,CAAC,KAAK,CAAC,EAAE,EAAE,mBAAmB,CAAC,CAAC;gBACxF,OAAO,GAAG,CAAC,MAAM,CAAC,IAAI,CAAC,CAAC,IAAI,CAAC,OAAO,CAAC,CAAC;aACvC;YAAC,OAAO,GAAG,EAAE;gBACZ,OAAO,GAAG,CAAC,MAAM,CAAC,GAAG,CAAC,CAAC,IAAI,CAAE,GAAa,CAAC,OAAO,CAAC,CAAC;aACrD;QACH,CAAC,CAAC;IAxEC,CAAC;IAAA,CAAC;CA0EN,CAAA;AA7EoB,sBAAsB;IAD1C,IAAA,qBAAU,GAAE;IAGR,WAAA,IAAA,iBAAM,EAAC,qBAAqB,CAAC,CAAA;qCAA8B,8BAAmB;GAF9D,sBAAsB,CA6E1C;kBA7EoB,sBAAsB;AA6E1C,CAAC","sourcesContent":["import 'reflect-metadata';\nimport { inject, injectable } from 'tsyringe';\nimport { Request, Response } from 'express';\nimport WorkoutsheetService from '../services/workoutsheet.service';\n\n@injectable()\nexport default class WorkoutsheetController {\n  constructor(\n    @inject('WorkoutsheetService') private workoutsheetService: WorkoutsheetService\n  ) {};\n\n  public getAll = async (req: Request, res: Response) => {\n    try {\n      const { type, message } = await this.workoutsheetService.getAll();\n\n      res.status(type).json(message);\n    } catch (err) {\n      res.status(500).json((err as Error).message);\n    }\n  };\n\n  public getById = async (req: Request, res: Response) => {\n    try {\n      const id = parseInt(req.params.id);\n      const { type, message } = await this.workoutsheetService.getById(id);\n      return res.status(type).json(message);\n    } catch (err) {\n      return res.status(500).json((err as Error).message);\n    }\n  };\n\n  public getByCustomerId = async (req: Request, res: Response) => {\n    try {\n      const customerId = parseInt(req.params.customerId);\n      const { type, message } = await this.workoutsheetService.getByCustomerId(customerId);\n      return res.status(type).json(message);\n    } catch (err) {\n      return res.status(500).json((err as Error).message);\n    }\n  };\n\n  public post = async (req: Request, res: Response) => {\n    try {\n      const newWorkoutsheet = req.body;\n      const { type, message } = await this.workoutsheetService.post(newWorkoutsheet);\n      return res.status(type).json(message);\n    } catch (err) {\n      return res.status(500).json((err as Error).message);\n    }\n  };\n\n  public put = async (req: Request, res: Response) => {\n    try {\n      const id = parseInt(req.params.id);\n      const updatedWorkoutsheet = req.body;\n      const { type, message } = await this.workoutsheetService.put(id, updatedWorkoutsheet);\n      return res.status(type).json(message);\n    } catch (err) {\n      return res.status(500).json((err as Error).message);\n    }\n  };\n\n  public delete = async (req: Request, res: Response) => {\n    try {\n      const id = parseInt(req.params.id);\n      const { type, message } = await this.workoutsheetService.delete(id);\n      return res.status(type).json(message);\n    } catch (err) {\n      return res.status(500).json((err as Error).message);\n    }\n  };\n\n  public patch = async (req: Request, res: Response) => {\n    try {\n      const id = parseInt(req.params.id);\n      const updatedWorkoutsheet = req.body;\n      const { type, message } = await this.workoutsheetService.patch(id, updatedWorkoutsheet);\n      return res.status(type).json(message);\n    } catch (err) {\n      return res.status(500).json((err as Error).message);\n    }\n  };\n  \n};\n"]},"_coverageSchema":"1a1c01bbd47fc00a2c39e90264f33305004495a9","hash":"0a8a85df5a5bd4d14d7472a9808131f8cffa4222"},"/home/dzno23/Documents/ProjetosDev/meu-treino/backend/src/services/workoutsheet.service.ts":{"path":"/home/dzno23/Documents/ProjetosDev/meu-treino/backend/src/services/workoutsheet.service.ts","statementMap":{"0":{"start":{"line":2,"column":17},"end":{"line":7,"column":1}},"1":{"start":{"line":3,"column":12},"end":{"line":3,"column":28}},"2":{"start":{"line":3,"column":34},"end":{"line":3,"column":125}},"3":{"start":{"line":4,"column":4},"end":{"line":5,"column":150}},"4":{"start":{"line":4,"column":79},"end":{"line":4,"column":131}},"5":{"start":{"line":5,"column":9},"end":{"line":5,"column":150}},"6":{"start":{"line":5,"column":22},"end":{"line":5,"column":43}},"7":{"start":{"line":5,"column":58},"end":{"line":5,"column":150}},"8":{"start":{"line":5,"column":81},"end":{"line":5,"column":150}},"9":{"start":{"line":6,"column":4},"end":{"line":6,"column":66}},"10":{"start":{"line":8,"column":0},"end":{"line":8,"column":62}},"11":{"start":{"line":9,"column":0},"end":{"line":9,"column":28}},"12":{"start":{"line":10,"column":19},"end":{"line":10,"column":38}},"13":{"start":{"line":11,"column":23},"end":{"line":11,"column":56}},"14":{"start":{"line":12,"column":26},"end":{"line":94,"column":1}},"15":{"start":{"line":14,"column":8},"end":{"line":22,"column":10}},"16":{"start":{"line":15,"column":12},"end":{"line":21,"column":13}},"17":{"start":{"line":16,"column":41},"end":{"line":16,"column":79}},"18":{"start":{"line":17,"column":16},"end":{"line":17,"column":64}},"19":{"start":{"line":20,"column":16},"end":{"line":20,"column":59}},"20":{"start":{"line":23,"column":8},"end":{"line":34,"column":10}},"21":{"start":{"line":24,"column":12},"end":{"line":33,"column":13}},"22":{"start":{"line":25,"column":37},"end":{"line":25,"column":78}},"23":{"start":{"line":26,"column":16},"end":{"line":28,"column":17}},"24":{"start":{"line":27,"column":20},"end":{"line":27,"column":77}},"25":{"start":{"line":29,"column":16},"end":{"line":29,"column":60}},"26":{"start":{"line":32,"column":16},"end":{"line":32,"column":59}},"27":{"start":{"line":35,"column":8},"end":{"line":46,"column":10}},"28":{"start":{"line":36,"column":12},"end":{"line":45,"column":13}},"29":{"start":{"line":37,"column":38},"end":{"line":37,"column":106}},"30":{"start":{"line":38,"column":16},"end":{"line":40,"column":17}},"31":{"start":{"line":39,"column":20},"end":{"line":39,"column":93}},"32":{"start":{"line":41,"column":16},"end":{"line":41,"column":61}},"33":{"start":{"line":44,"column":16},"end":{"line":44,"column":59}},"34":{"start":{"line":47,"column":8},"end":{"line":55,"column":10}},"35":{"start":{"line":48,"column":12},"end":{"line":54,"column":13}},"36":{"start":{"line":49,"column":40},"end":{"line":49,"column":89}},"37":{"start":{"line":50,"column":16},"end":{"line":50,"column":63}},"38":{"start":{"line":53,"column":16},"end":{"line":53,"column":59}},"39":{"start":{"line":56,"column":8},"end":{"line":67,"column":10}},"40":{"start":{"line":57,"column":12},"end":{"line":66,"column":13}},"41":{"start":{"line":58,"column":44},"end":{"line":58,"column":85}},"42":{"start":{"line":59,"column":16},"end":{"line":61,"column":17}},"43":{"start":{"line":60,"column":20},"end":{"line":60,"column":77}},"44":{"start":{"line":62,"column":16},"end":{"line":62,"column":67}},"45":{"start":{"line":65,"column":16},"end":{"line":65,"column":59}},"46":{"start":{"line":68,"column":8},"end":{"line":79,"column":10}},"47":{"start":{"line":69,"column":12},"end":{"line":78,"column":13}},"48":{"start":{"line":70,"column":37},"end":{"line":70,"column":78}},"49":{"start":{"line":71,"column":16},"end":{"line":73,"column":17}},"50":{"start":{"line":72,"column":20},"end":{"line":72,"column":77}},"51":{"start":{"line":74,"column":16},"end":{"line":74,"column":72}},"52":{"start":{"line":77,"column":16},"end":{"line":77,"column":59}},"53":{"start":{"line":80,"column":8},"end":{"line":92,"column":10}},"54":{"start":{"line":81,"column":12},"end":{"line":91,"column":13}},"55":{"start":{"line":82,"column":37},"end":{"line":82,"column":78}},"56":{"start":{"line":83,"column":16},"end":{"line":85,"column":17}},"57":{"start":{"line":84,"column":20},"end":{"line":84,"column":76}},"58":{"start":{"line":86,"column":16},"end":{"line":86,"column":51}},"59":{"start":{"line":87,"column":16},"end":{"line":87,"column":60}},"60":{"start":{"line":90,"column":16},"end":{"line":90,"column":59}},"61":{"start":{"line":95,"column":0},"end":{"line":97,"column":24}},"62":{"start":{"line":98,"column":0},"end":{"line":98,"column":38}}},"fnMap":{"0":{"name":"(anonymous_0)","decl":{"start":{"line":2,"column":46},"end":{"line":2,"column":47}},"loc":{"start":{"line":2,"column":87},"end":{"line":7,"column":1}},"line":2},"1":{"name":"(anonymous_1)","decl":{"start":{"line":13,"column":4},"end":{"line":13,"column":5}},"loc":{"start":{"line":13,"column":18},"end":{"line":93,"column":5}},"line":13},"2":{"name":"(anonymous_2)","decl":{"start":{"line":14,"column":22},"end":{"line":14,"column":23}},"loc":{"start":{"line":14,"column":34},"end":{"line":22,"column":9}},"line":14},"3":{"name":"(anonymous_3)","decl":{"start":{"line":23,"column":23},"end":{"line":23,"column":24}},"loc":{"start":{"line":23,"column":37},"end":{"line":34,"column":9}},"line":23},"4":{"name":"(anonymous_4)","decl":{"start":{"line":35,"column":31},"end":{"line":35,"column":32}},"loc":{"start":{"line":35,"column":45},"end":{"line":46,"column":9}},"line":35},"5":{"name":"(anonymous_5)","decl":{"start":{"line":47,"column":20},"end":{"line":47,"column":21}},"loc":{"start":{"line":47,"column":44},"end":{"line":55,"column":9}},"line":47},"6":{"name":"(anonymous_6)","decl":{"start":{"line":56,"column":19},"end":{"line":56,"column":20}},"loc":{"start":{"line":56,"column":47},"end":{"line":67,"column":9}},"line":56},"7":{"name":"(anonymous_7)","decl":{"start":{"line":68,"column":22},"end":{"line":68,"column":23}},"loc":{"start":{"line":68,"column":36},"end":{"line":79,"column":9}},"line":68},"8":{"name":"(anonymous_8)","decl":{"start":{"line":80,"column":21},"end":{"line":80,"column":22}},"loc":{"start":{"line":80,"column":44},"end":{"line":92,"column":9}},"line":80}},"branchMap":{"0":{"loc":{"start":{"line":2,"column":17},"end":{"line":7,"column":1}},"type":"binary-expr","locations":[{"start":{"line":2,"column":18},"end":{"line":2,"column":22}},{"start":{"line":2,"column":26},"end":{"line":2,"column":41}},{"start":{"line":2,"column":46},"end":{"line":7,"column":1}}],"line":2},"1":{"loc":{"start":{"line":3,"column":34},"end":{"line":3,"column":125}},"type":"cond-expr","locations":[{"start":{"line":3,"column":42},"end":{"line":3,"column":48}},{"start":{"line":3,"column":51},"end":{"line":3,"column":125}}],"line":3},"2":{"loc":{"start":{"line":3,"column":51},"end":{"line":3,"column":125}},"type":"cond-expr","locations":[{"start":{"line":3,"column":67},"end":{"line":3,"column":118}},{"start":{"line":3,"column":121},"end":{"line":3,"column":125}}],"line":3},"3":{"loc":{"start":{"line":4,"column":4},"end":{"line":5,"column":150}},"type":"if","locations":[{"start":{"line":4,"column":4},"end":{"line":5,"column":150}},{"start":{"line":4,"column":4},"end":{"line":5,"column":150}}],"line":4},"4":{"loc":{"start":{"line":4,"column":8},"end":{"line":4,"column":77}},"type":"binary-expr","locations":[{"start":{"line":4,"column":8},"end":{"line":4,"column":35}},{"start":{"line":4,"column":39},"end":{"line":4,"column":77}}],"line":4},"5":{"loc":{"start":{"line":5,"column":58},"end":{"line":5,"column":150}},"type":"if","locations":[{"start":{"line":5,"column":58},"end":{"line":5,"column":150}},{"start":{"line":5,"column":58},"end":{"line":5,"column":150}}],"line":5},"6":{"loc":{"start":{"line":5,"column":85},"end":{"line":5,"column":149}},"type":"binary-expr","locations":[{"start":{"line":5,"column":86},"end":{"line":5,"column":143}},{"start":{"line":5,"column":148},"end":{"line":5,"column":149}}],"line":5},"7":{"loc":{"start":{"line":5,"column":86},"end":{"line":5,"column":143}},"type":"cond-expr","locations":[{"start":{"line":5,"column":94},"end":{"line":5,"column":98}},{"start":{"line":5,"column":101},"end":{"line":5,"column":143}}],"line":5},"8":{"loc":{"start":{"line":5,"column":101},"end":{"line":5,"column":143}},"type":"cond-expr","locations":[{"start":{"line":5,"column":109},"end":{"line":5,"column":126}},{"start":{"line":5,"column":129},"end":{"line":5,"column":143}}],"line":5},"9":{"loc":{"start":{"line":6,"column":11},"end":{"line":6,"column":62}},"type":"binary-expr","locations":[{"start":{"line":6,"column":11},"end":{"line":6,"column":16}},{"start":{"line":6,"column":20},"end":{"line":6,"column":21}},{"start":{"line":6,"column":25},"end":{"line":6,"column":62}}],"line":6},"10":{"loc":{"start":{"line":26,"column":16},"end":{"line":28,"column":17}},"type":"if","locations":[{"start":{"line":26,"column":16},"end":{"line":28,"column":17}},{"start":{"line":26,"column":16},"end":{"line":28,"column":17}}],"line":26},"11":{"loc":{"start":{"line":38,"column":16},"end":{"line":40,"column":17}},"type":"if","locations":[{"start":{"line":38,"column":16},"end":{"line":40,"column":17}},{"start":{"line":38,"column":16},"end":{"line":40,"column":17}}],"line":38},"12":{"loc":{"start":{"line":59,"column":16},"end":{"line":61,"column":17}},"type":"if","locations":[{"start":{"line":59,"column":16},"end":{"line":61,"column":17}},{"start":{"line":59,"column":16},"end":{"line":61,"column":17}}],"line":59},"13":{"loc":{"start":{"line":71,"column":16},"end":{"line":73,"column":17}},"type":"if","locations":[{"start":{"line":71,"column":16},"end":{"line":73,"column":17}},{"start":{"line":71,"column":16},"end":{"line":73,"column":17}}],"line":71},"14":{"loc":{"start":{"line":83,"column":16},"end":{"line":85,"column":17}},"type":"if","locations":[{"start":{"line":83,"column":16},"end":{"line":85,"column":17}},{"start":{"line":83,"column":16},"end":{"line":85,"column":17}}],"line":83}},"s":{"0":1,"1":1,"2":1,"3":1,"4":1,"5":0,"6":0,"7":0,"8":0,"9":1,"10":1,"11":1,"12":1,"13":1,"14":1,"15":0,"16":0,"17":0,"18":0,"19":0,"20":0,"21":0,"22":0,"23":0,"24":0,"25":0,"26":0,"27":0,"28":0,"29":0,"30":0,"31":0,"32":0,"33":0,"34":0,"35":0,"36":0,"37":0,"38":0,"39":0,"40":0,"41":0,"42":0,"43":0,"44":0,"45":0,"46":0,"47":0,"48":0,"49":0,"50":0,"51":0,"52":0,"53":0,"54":0,"55":0,"56":0,"57":0,"58":0,"59":0,"60":0,"61":1,"62":1},"f":{"0":1,"1":0,"2":0,"3":0,"4":0,"5":0,"6":0,"7":0,"8":0},"b":{"0":[1,1,1],"1":[1,0],"2":[0,0],"3":[1,0],"4":[1,1],"5":[0,0],"6":[0,0],"7":[0,0],"8":[0,0],"9":[1,0,0],"10":[0,0],"11":[0,0],"12":[0,0],"13":[0,0],"14":[0,0]},"inputSourceMap":{"version":3,"file":"/home/dzno23/Documents/ProjetosDev/meu-treino/backend/src/services/workoutsheet.service.ts","sources":["/home/dzno23/Documents/ProjetosDev/meu-treino/backend/src/services/workoutsheet.service.ts"],"names":[],"mappings":";;;;;;;;AAAA,4BAA0B;AAC1B,uCAA8C;AAC9C,yDAAkD;AAGlD,IAAqB,mBAAmB,GAAxC,MAAqB,mBAAmB;IAAxC;QACS,WAAM,GAAG,KAAK,IAAI,EAAE;YACzB,IAAI;gBACF,MAAM,gBAAgB,GAAG,MAAM,sBAAY,CAAC,OAAO,EAAE,CAAC;gBACtD,OAAO,EAAE,IAAI,EAAE,GAAG,EAAE,OAAO,EAAE,gBAAgB,EAAE,CAAC;aACjD;YAAC,OAAO,GAAG,EAAE;gBACZ,OAAO,EAAE,IAAI,EAAE,GAAG,EAAE,OAAO,EAAG,GAAa,CAAC,OAAO,EAAE,CAAC;aACvD;QACH,CAAC,CAAC;QAEK,YAAO,GAAG,KAAK,EAAE,EAAU,EAAE,EAAE;YACpC,IAAI;gBACF,MAAM,YAAY,GAAG,MAAM,sBAAY,CAAC,QAAQ,CAAC,EAAE,CAAC,CAAC;gBAErD,IAAG,CAAC,YAAY,EAAE;oBAChB,OAAO,EAAE,IAAI,EAAE,GAAG,EAAE,OAAO,EAAE,yBAAyB,EAAE,CAAA;iBACzD;gBAED,OAAO,EAAE,IAAI,EAAE,GAAG,EAAE,OAAO,EAAE,YAAY,EAAE,CAAC;aAC7C;YAAC,OAAO,GAAG,EAAE;gBACZ,OAAO,EAAE,IAAI,EAAE,GAAG,EAAE,OAAO,EAAG,GAAa,CAAC,OAAO,EAAE,CAAA;aACtD;QACH,CAAC,CAAC;QAEK,oBAAe,GAAG,KAAK,EAAE,EAAU,EAAE,EAAE;YAC5C,IAAI;gBACF,MAAM,aAAa,GAAG,MAAM,sBAAY,CAAC,OAAO,CAAC,EAAE,KAAK,EAAE,EAAE,WAAW,EAAE,EAAE,EAAE,EAAC,CAAC,CAAC;gBAEhF,IAAI,CAAC,aAAa,EAAE;oBAClB,OAAO,EAAE,IAAI,EAAE,GAAG,EAAE,OAAO,EAAE,yCAAyC,EAAC,CAAA;iBACxE;gBAED,OAAO,EAAE,IAAI,EAAE,GAAG,EAAE,OAAO,EAAE,aAAa,EAAE,CAAA;aAC7C;YAAC,OAAO,GAAG,EAAE;gBACZ,OAAO,EAAE,IAAI,EAAE,GAAG,EAAE,OAAO,EAAG,GAAa,CAAC,OAAO,EAAE,CAAA;aACtD;QACH,CAAC,CAAC;QAEK,SAAI,GAAG,KAAK,EAAE,YAA0B,EAAE,EAAE;YACjD,IAAI;gBACF,MAAM,eAAe,GAAG,MAAM,sBAAY,CAAC,MAAM,CAAC,YAAY,CAAC,CAAC;gBAChE,OAAO,EAAE,IAAI,EAAE,GAAG,EAAE,OAAO,EAAE,eAAe,EAAE,CAAC;aAChD;YAAC,OAAO,GAAG,EAAE;gBACZ,OAAO,EAAE,IAAI,EAAE,GAAG,EAAE,OAAO,EAAG,GAAa,CAAC,OAAO,EAAE,CAAC;aACvD;QACH,CAAC,CAAC;QAEK,QAAG,GAAG,KAAK,EAAE,EAAU,EAAE,YAA0B,EAAE,EAAE;YAC5D,IAAI;gBACF,MAAM,mBAAmB,GAAG,MAAM,sBAAY,CAAC,QAAQ,CAAC,EAAE,CAAC,CAAC;gBAE5D,IAAI,CAAC,mBAAmB,EAAE;oBACxB,OAAO,EAAE,IAAI,EAAE,GAAG,EAAE,OAAO,EAAE,yBAAyB,EAAE,CAAA;iBACzD;gBAED,OAAO,EAAE,IAAI,EAAE,GAAG,EAAE,OAAO,EAAE,mBAAmB,EAAE,CAAA;aACnD;YAAC,OAAO,GAAG,EAAE;gBACZ,OAAO,EAAE,IAAI,EAAE,GAAG,EAAE,OAAO,EAAG,GAAa,CAAC,OAAO,EAAE,CAAA;aACtD;QACH,CAAC,CAAC;QAEK,WAAM,GAAG,KAAK,EAAE,EAAU,EAAE,EAAE;YACnC,IAAI;gBACF,MAAM,YAAY,GAAG,MAAM,sBAAY,CAAC,QAAQ,CAAC,EAAE,CAAC,CAAC;gBAErD,IAAI,CAAC,YAAY,EAAE;oBACjB,OAAO,EAAE,IAAI,EAAE,GAAG,EAAE,OAAO,EAAE,yBAAyB,EAAE,CAAC;iBAC1D;gBAED,OAAO,EAAE,IAAI,EAAE,GAAG,EAAE,OAAO,EAAE,wBAAwB,EAAE,CAAA;aACxD;YAAC,OAAO,GAAG,EAAE;gBACZ,OAAO,EAAE,IAAI,EAAE,GAAG,EAAE,OAAO,EAAG,GAAa,CAAC,OAAO,EAAE,CAAA;aACtD;QACH,CAAC,CAAC;QAEK,UAAK,GAAG,KAAK,EAAE,EAAU,EAAE,OAA8B,EAAE,EAAE;YAClE,IAAI;gBACF,MAAM,YAAY,GAAG,MAAM,sBAAY,CAAC,QAAQ,CAAC,EAAE,CAAC,CAAC;gBAErD,IAAI,CAAC,YAAY,EAAE;oBACjB,OAAO,EAAE,IAAI,EAAE,GAAG,EAAE,OAAO,EAAE,wBAAwB,EAAE,CAAA;iBACxD;gBAED,MAAM,YAAY,CAAC,MAAM,CAAC,OAAO,CAAC,CAAC;gBACnC,OAAO,EAAE,IAAI,EAAE,GAAG,EAAE,OAAO,EAAE,YAAY,EAAE,CAAA;aAC5C;YAAC,OAAO,GAAG,EAAE;gBACZ,OAAO,EAAE,IAAI,EAAE,GAAG,EAAE,OAAO,EAAG,GAAa,CAAC,OAAO,EAAE,CAAA;aACtD;QACH,CAAC,CAAC;IAEJ,CAAC;CAAA,CAAA;AA1FoB,mBAAmB;IADvC,IAAA,qBAAU,GAAE;GACQ,mBAAmB,CA0FvC;kBA1FoB,mBAAmB;AA0FvC,CAAC","sourcesContent":["import 'reflect-metadata';\nimport { inject, injectable } from 'tsyringe';\nimport Workoutsheet from \"../models/Workoutsheet\";\n\n@injectable()\nexport default class workoutsheetService {\n  public getAll = async () => {\n    try {\n      const allWorkoutsheets = await Workoutsheet.findAll();\n      return { type: 200, message: allWorkoutsheets };\n    } catch (err) {\n      return { type: 500, message: (err as Error).message };\n    }\n  };\n\n  public getById = async (id: number) => {\n    try {\n      const workoutsheet = await Workoutsheet.findByPk(id);\n\n      if(!workoutsheet) {\n        return { type: 404, message: 'workoutsheet not found.' }\n      }\n\n      return { type: 200, message: workoutsheet };\n    } catch (err) {\n      return { type: 500, message: (err as Error).message }\n    }\n  };\n\n  public getByCustomerId = async (id: number) => {\n    try {\n      const workoutsheets = await Workoutsheet.findAll({ where: { customer_id: id }});\n\n      if (!workoutsheets) {\n        return { type: 404, message: 'workoutsheet for customer_id not found.'}\n      }\n\n      return { type: 200, message: workoutsheets }\n    } catch (err) {\n      return { type: 500, message: (err as Error).message }\n    }\n  };\n\n  public post = async (workoutsheet: Workoutsheet) => {\n    try {\n      const newWorkoutsheet = await Workoutsheet.create(workoutsheet);\n      return { type: 201, message: newWorkoutsheet };\n    } catch (err) {\n      return { type: 500, message: (err as Error).message };\n    }\n  };\n\n  public put = async (id: number, workoutsheet: Workoutsheet) => {\n    try {\n      const updatedWorkoutsheet = await Workoutsheet.findByPk(id);\n\n      if (!updatedWorkoutsheet) {\n        return { type: 404, message: 'workoutsheet not found.' }\n      }\n\n      return { type: 200, message: updatedWorkoutsheet }\n    } catch (err) {\n      return { type: 500, message: (err as Error).message }\n    }\n  };\n\n  public delete = async (id: number) => {\n    try {\n      const workoutsheet = await Workoutsheet.findByPk(id);\n\n      if (!workoutsheet) {\n        return { type: 404, message: 'Workoutsheet not found.' };\n      }\n\n      return { type: 200, message: 'Workout sheet deleted.' }\n    } catch (err) {\n      return { type: 500, message: (err as Error).message }\n    }\n  };\n\n  public patch = async (id: number, updates: Partial<Workoutsheet>) => {\n    try {\n      const workoutsheet = await Workoutsheet.findByPk(id);\n\n      if (!workoutsheet) {\n        return { type: 404, message: 'Workoutsheet not found' }\n      }\n\n      await workoutsheet.update(updates);\n      return { type: 200, message: workoutsheet }\n    } catch (err) {\n      return { type: 500, message: (err as Error).message }\n    }\n  };\n\n};\n"]},"_coverageSchema":"1a1c01bbd47fc00a2c39e90264f33305004495a9","hash":"91194ab853079178b33982f24dba6d80676caff0"}}